INFO:root:Wed Jan 26 17:07:19 2022 connect to server owa.medicina.ru
INFO:root:Wed Jan 26 17:07:19 2022owa.medicina.ru connected
INFO:root:Wed Jan 26 17:07:20 2022 message from maildeliverychecker@medicina.ru to for.test.mail.003@gmail.com sending!
INFO:root:Wed Jan 26 17:07:20 2022 connect to server smtp.gmail.com
INFO:root:Wed Jan 26 17:07:20 2022 smtp.gmail.com connected
INFO:root:Wed Jan 26 17:07:21 2022 message from for.test.mail.003@gmail.com to maildeliverychecker@medicina.ru sending!
INFO:root:Wed Jan 26 17:07:21 2022wait...
INFO:root:Wed Jan 26 17:17:21 2022unsleeping
INFO:root:Wed Jan 26 17:17:21 2022 connect to server owa.medicina.ru
INFO:root:Wed Jan 26 17:17:21 2022 Exchange connected
INFO:root:Wed Jan 26 17:17:21 2022 Message getting
INFO:root:Wed Jan 26 17:17:21 2022 Subject getting
INFO:root:Wed Jan 26 17:17:21 2022 connect to server imap.gmail.com
INFO:root:Wed Jan 26 17:17:22 2022 imap.gmail.com connected
INFO:root:Wed Jan 26 17:17:23 2022
 Counter: 1 
 Errors: 0 
 Alarms: 0 

INFO:root:Wed Jan 26 17:17:25 2022 connect to server owa.medicina.ru
INFO:root:Wed Jan 26 17:17:25 2022owa.medicina.ru connected
INFO:root:Wed Jan 26 17:17:25 2022 message from maildeliverychecker@medicina.ru to for.test.mail.003@gmail.com sending!
INFO:root:Wed Jan 26 17:17:25 2022 connect to server smtp.gmail.com
INFO:root:Wed Jan 26 17:17:25 2022 smtp.gmail.com connected
INFO:root:Wed Jan 26 17:17:26 2022 message from for.test.mail.003@gmail.com to maildeliverychecker@medicina.ru sending!
INFO:root:Wed Jan 26 17:17:26 2022wait...
INFO:root:Wed Jan 26 17:27:26 2022unsleeping
INFO:root:Wed Jan 26 17:27:26 2022 connect to server owa.medicina.ru
INFO:root:Wed Jan 26 17:27:26 2022 Exchange connected
INFO:root:Wed Jan 26 17:27:26 2022 Message getting
INFO:root:Wed Jan 26 17:27:26 2022 Subject getting
INFO:root:Wed Jan 26 17:27:26 2022 connect to server imap.gmail.com
INFO:root:Wed Jan 26 17:27:27 2022 imap.gmail.com connected
INFO:root:Wed Jan 26 17:27:29 2022
 Counter: 2 
 Errors: 0 
 Alarms: 0 

INFO:root:Wed Jan 26 17:27:31 2022 connect to server owa.medicina.ru
INFO:root:Wed Jan 26 17:27:31 2022owa.medicina.ru connected
INFO:root:Wed Jan 26 17:27:31 2022 message from maildeliverychecker@medicina.ru to for.test.mail.003@gmail.com sending!
INFO:root:Wed Jan 26 17:27:31 2022 connect to server smtp.gmail.com
INFO:root:Wed Jan 26 17:27:32 2022 smtp.gmail.com connected
INFO:root:Wed Jan 26 17:27:32 2022 message from for.test.mail.003@gmail.com to maildeliverychecker@medicina.ru sending!
INFO:root:Wed Jan 26 17:27:32 2022wait...
INFO:root:Wed Jan 26 17:37:32 2022unsleeping
INFO:root:Wed Jan 26 17:37:32 2022 connect to server owa.medicina.ru
INFO:root:Wed Jan 26 17:37:32 2022 Exchange connected
INFO:root:Wed Jan 26 17:37:32 2022 Message getting
INFO:root:Wed Jan 26 17:37:33 2022 Subject getting
INFO:root:Wed Jan 26 17:37:33 2022 connect to server imap.gmail.com
INFO:root:Wed Jan 26 17:37:34 2022 imap.gmail.com connected
INFO:root:Wed Jan 26 17:37:35 2022
 Counter: 3 
 Errors: 0 
 Alarms: 0 

INFO:root:Wed Jan 26 17:37:37 2022 connect to server owa.medicina.ru
INFO:root:Wed Jan 26 17:37:37 2022owa.medicina.ru connected
INFO:root:Wed Jan 26 17:37:37 2022 message from maildeliverychecker@medicina.ru to for.test.mail.003@gmail.com sending!
INFO:root:Wed Jan 26 17:37:38 2022 connect to server smtp.gmail.com
INFO:root:Wed Jan 26 17:37:38 2022 smtp.gmail.com connected
INFO:root:Wed Jan 26 17:37:39 2022 message from for.test.mail.003@gmail.com to maildeliverychecker@medicina.ru sending!
INFO:root:Wed Jan 26 17:37:39 2022wait...
INFO:root:Wed Jan 26 17:47:39 2022unsleeping
INFO:root:Wed Jan 26 17:47:39 2022 connect to server owa.medicina.ru
INFO:root:Wed Jan 26 17:47:39 2022 Exchange connected
INFO:root:Wed Jan 26 17:47:39 2022 Message getting
INFO:root:Wed Jan 26 17:47:39 2022 Subject getting
INFO:root:Wed Jan 26 17:47:39 2022 connect to server imap.gmail.com
INFO:root:Wed Jan 26 17:47:40 2022 imap.gmail.com connected
INFO:root:Wed Jan 26 17:47:41 2022
 Counter: 4 
 Errors: 0 
 Alarms: 0 

INFO:root:Wed Jan 26 17:47:43 2022 connect to server owa.medicina.ru
INFO:root:Wed Jan 26 17:47:43 2022owa.medicina.ru connected
INFO:root:Wed Jan 26 17:47:44 2022 message from maildeliverychecker@medicina.ru to for.test.mail.003@gmail.com sending!
INFO:root:Wed Jan 26 17:47:44 2022 connect to server smtp.gmail.com
INFO:root:Wed Jan 26 17:47:44 2022 smtp.gmail.com connected
INFO:root:Wed Jan 26 17:47:45 2022 message from for.test.mail.003@gmail.com to maildeliverychecker@medicina.ru sending!
INFO:root:Wed Jan 26 17:47:45 2022wait...
INFO:root:Wed Jan 26 17:57:45 2022unsleeping
INFO:root:Wed Jan 26 17:57:45 2022 connect to server owa.medicina.ru
INFO:root:Wed Jan 26 17:57:45 2022 Exchange connected
INFO:root:Wed Jan 26 17:57:45 2022 Message getting
INFO:root:Wed Jan 26 17:57:45 2022 Subject getting
INFO:root:Wed Jan 26 17:57:45 2022 connect to server imap.gmail.com
INFO:root:Wed Jan 26 17:57:46 2022 imap.gmail.com connected
INFO:root:Wed Jan 26 17:57:47 2022
 Counter: 5 
 Errors: 0 
 Alarms: 0 

INFO:root:Wed Jan 26 17:57:49 2022 connect to server owa.medicina.ru
INFO:root:Wed Jan 26 17:57:49 2022owa.medicina.ru connected
INFO:root:Wed Jan 26 17:57:50 2022 message from maildeliverychecker@medicina.ru to for.test.mail.003@gmail.com sending!
INFO:root:Wed Jan 26 17:57:50 2022 connect to server smtp.gmail.com
INFO:root:Wed Jan 26 17:57:50 2022 smtp.gmail.com connected
INFO:root:Wed Jan 26 17:57:51 2022 message from for.test.mail.003@gmail.com to maildeliverychecker@medicina.ru sending!
INFO:root:Wed Jan 26 17:57:51 2022wait...
INFO:root:Wed Jan 26 18:07:51 2022unsleeping
INFO:root:Wed Jan 26 18:07:51 2022 connect to server owa.medicina.ru
INFO:root:Wed Jan 26 18:07:51 2022 Exchange connected
INFO:root:Wed Jan 26 18:07:51 2022 Message getting
INFO:root:Wed Jan 26 18:07:51 2022 Subject getting
INFO:root:Wed Jan 26 18:07:51 2022 connect to server imap.gmail.com
INFO:root:Wed Jan 26 18:07:52 2022 imap.gmail.com connected
INFO:root:Wed Jan 26 18:07:53 2022
 Counter: 6 
 Errors: 0 
 Alarms: 0 

INFO:root:Wed Jan 26 18:07:55 2022 connect to server owa.medicina.ru
INFO:root:Wed Jan 26 18:07:55 2022owa.medicina.ru connected
INFO:root:Wed Jan 26 18:07:56 2022 message from maildeliverychecker@medicina.ru to for.test.mail.003@gmail.com sending!
INFO:root:Wed Jan 26 18:07:56 2022 connect to server smtp.gmail.com
INFO:root:Wed Jan 26 18:07:56 2022 smtp.gmail.com connected
INFO:root:Wed Jan 26 18:07:57 2022 message from for.test.mail.003@gmail.com to maildeliverychecker@medicina.ru sending!
INFO:root:Wed Jan 26 18:07:57 2022wait...
INFO:root:Wed Jan 26 18:17:57 2022unsleeping
INFO:root:Wed Jan 26 18:17:57 2022 connect to server owa.medicina.ru
INFO:root:Wed Jan 26 18:17:57 2022 Exchange connected
INFO:root:Wed Jan 26 18:17:57 2022 Message getting
INFO:root:Wed Jan 26 18:17:57 2022 Subject getting
INFO:root:Wed Jan 26 18:17:57 2022 connect to server imap.gmail.com
INFO:root:Wed Jan 26 18:17:59 2022 imap.gmail.com connected
INFO:root:Wed Jan 26 18:18:00 2022
 Counter: 7 
 Errors: 0 
 Alarms: 0 

INFO:root:Wed Jan 26 18:18:01 2022 connect to server owa.medicina.ru
INFO:root:Wed Jan 26 18:18:01 2022owa.medicina.ru connected
INFO:root:Wed Jan 26 18:18:02 2022 message from maildeliverychecker@medicina.ru to for.test.mail.003@gmail.com sending!
INFO:root:Wed Jan 26 18:18:02 2022 connect to server smtp.gmail.com
INFO:root:Wed Jan 26 18:18:02 2022 smtp.gmail.com connected
INFO:root:Wed Jan 26 18:18:03 2022 message from for.test.mail.003@gmail.com to maildeliverychecker@medicina.ru sending!
INFO:root:Wed Jan 26 18:18:03 2022wait...
INFO:root:Wed Jan 26 18:28:03 2022unsleeping
INFO:root:Wed Jan 26 18:28:03 2022 connect to server owa.medicina.ru
INFO:root:Wed Jan 26 18:28:03 2022 Exchange connected
INFO:root:Wed Jan 26 18:28:03 2022 Message getting
INFO:root:Wed Jan 26 18:28:03 2022 Subject getting
INFO:root:Wed Jan 26 18:28:03 2022 connect to server imap.gmail.com
INFO:root:Wed Jan 26 18:28:05 2022 imap.gmail.com connected
INFO:root:Wed Jan 26 18:28:05 2022
 Counter: 8 
 Errors: 0 
 Alarms: 0 

INFO:root:Wed Jan 26 18:28:08 2022 connect to server owa.medicina.ru
INFO:root:Wed Jan 26 18:28:08 2022owa.medicina.ru connected
INFO:root:Wed Jan 26 18:28:08 2022 message from maildeliverychecker@medicina.ru to for.test.mail.003@gmail.com sending!
INFO:root:Wed Jan 26 18:28:08 2022 connect to server smtp.gmail.com
INFO:root:Wed Jan 26 18:28:08 2022 smtp.gmail.com connected
INFO:root:Wed Jan 26 18:28:09 2022 message from for.test.mail.003@gmail.com to maildeliverychecker@medicina.ru sending!
INFO:root:Wed Jan 26 18:28:09 2022wait...
INFO:root:Wed Jan 26 18:38:09 2022unsleeping
INFO:root:Wed Jan 26 18:38:09 2022 connect to server owa.medicina.ru
INFO:root:Wed Jan 26 18:38:09 2022 Exchange connected
INFO:root:Wed Jan 26 18:38:09 2022 Message getting
INFO:root:Wed Jan 26 18:38:09 2022 Subject getting
INFO:root:Wed Jan 26 18:38:09 2022 connect to server imap.gmail.com
INFO:root:Wed Jan 26 18:38:11 2022 imap.gmail.com connected
INFO:root:Wed Jan 26 18:38:12 2022
 Counter: 9 
 Errors: 0 
 Alarms: 0 

INFO:root:Wed Jan 26 18:38:14 2022 connect to server owa.medicina.ru
INFO:root:Wed Jan 26 18:38:14 2022owa.medicina.ru connected
INFO:root:Wed Jan 26 18:38:14 2022 message from maildeliverychecker@medicina.ru to for.test.mail.003@gmail.com sending!
INFO:root:Wed Jan 26 18:38:14 2022 connect to server smtp.gmail.com
INFO:root:Wed Jan 26 18:38:15 2022 smtp.gmail.com connected
INFO:root:Wed Jan 26 18:38:15 2022 message from for.test.mail.003@gmail.com to maildeliverychecker@medicina.ru sending!
INFO:root:Wed Jan 26 18:38:15 2022wait...
INFO:root:Wed Jan 26 18:48:15 2022unsleeping
INFO:root:Wed Jan 26 18:48:15 2022 connect to server owa.medicina.ru
INFO:root:Wed Jan 26 18:48:15 2022 Exchange connected
INFO:root:Wed Jan 26 18:48:16 2022 Message getting
INFO:root:Wed Jan 26 18:48:16 2022 Subject getting
INFO:root:Wed Jan 26 18:48:16 2022 connect to server imap.gmail.com
INFO:root:Wed Jan 26 18:48:17 2022 imap.gmail.com connected
INFO:root:Wed Jan 26 18:48:18 2022
 Counter: 10 
 Errors: 0 
 Alarms: 0 

INFO:root:Wed Jan 26 18:48:19 2022 connect to server owa.medicina.ru
INFO:root:Wed Jan 26 18:48:19 2022owa.medicina.ru connected
INFO:root:Wed Jan 26 18:48:19 2022 message from maildeliverychecker@medicina.ru to for.test.mail.003@gmail.com sending!
INFO:root:Wed Jan 26 18:48:20 2022 connect to server smtp.gmail.com
INFO:root:Wed Jan 26 18:48:20 2022 smtp.gmail.com connected
INFO:root:Wed Jan 26 18:48:20 2022 message from for.test.mail.003@gmail.com to maildeliverychecker@medicina.ru sending!
INFO:root:Wed Jan 26 18:48:20 2022wait...
INFO:root:Wed Jan 26 18:58:20 2022unsleeping
INFO:root:Wed Jan 26 18:58:20 2022 connect to server owa.medicina.ru
INFO:root:Wed Jan 26 18:58:20 2022 Exchange connected
INFO:root:Wed Jan 26 18:58:21 2022 Message getting
INFO:root:Wed Jan 26 18:58:21 2022 Subject getting
INFO:root:Wed Jan 26 18:58:21 2022 connect to server imap.gmail.com
INFO:root:Wed Jan 26 18:58:22 2022 imap.gmail.com connected
INFO:root:Wed Jan 26 18:58:23 2022
 Counter: 11 
 Errors: 0 
 Alarms: 0 

INFO:root:Wed Jan 26 18:58:25 2022 connect to server owa.medicina.ru
INFO:root:Wed Jan 26 18:58:25 2022owa.medicina.ru connected
INFO:root:Wed Jan 26 18:58:26 2022 message from maildeliverychecker@medicina.ru to for.test.mail.003@gmail.com sending!
INFO:root:Wed Jan 26 18:58:26 2022 connect to server smtp.gmail.com
INFO:root:Wed Jan 26 18:58:26 2022 smtp.gmail.com connected
INFO:root:Wed Jan 26 18:58:27 2022 message from for.test.mail.003@gmail.com to maildeliverychecker@medicina.ru sending!
INFO:root:Wed Jan 26 18:58:27 2022wait...
INFO:root:Wed Jan 26 19:08:27 2022unsleeping
INFO:root:Wed Jan 26 19:08:27 2022 connect to server owa.medicina.ru
INFO:root:Wed Jan 26 19:08:27 2022 Exchange connected
INFO:root:Wed Jan 26 19:08:27 2022 Message getting
INFO:root:Wed Jan 26 19:08:27 2022 Subject getting
INFO:root:Wed Jan 26 19:08:27 2022 connect to server imap.gmail.com
INFO:root:Wed Jan 26 19:08:28 2022 imap.gmail.com connected
INFO:root:Wed Jan 26 19:08:29 2022
 Counter: 12 
 Errors: 0 
 Alarms: 0 

INFO:root:Wed Jan 26 19:08:32 2022 connect to server owa.medicina.ru
INFO:root:Wed Jan 26 19:08:32 2022owa.medicina.ru connected
INFO:root:Wed Jan 26 19:08:32 2022 message from maildeliverychecker@medicina.ru to for.test.mail.003@gmail.com sending!
INFO:root:Wed Jan 26 19:08:32 2022 connect to server smtp.gmail.com
INFO:root:Wed Jan 26 19:08:32 2022 smtp.gmail.com connected
INFO:root:Wed Jan 26 19:08:33 2022 message from for.test.mail.003@gmail.com to maildeliverychecker@medicina.ru sending!
INFO:root:Wed Jan 26 19:08:33 2022wait...
INFO:root:Wed Jan 26 19:18:33 2022unsleeping
INFO:root:Wed Jan 26 19:18:33 2022 connect to server owa.medicina.ru
INFO:root:Wed Jan 26 19:18:33 2022 Exchange connected
INFO:root:Wed Jan 26 19:18:33 2022 Message getting
INFO:root:Wed Jan 26 19:18:33 2022 Subject getting
INFO:root:Wed Jan 26 19:18:33 2022 connect to server imap.gmail.com
INFO:root:Wed Jan 26 19:18:35 2022 imap.gmail.com connected
INFO:root:Wed Jan 26 19:18:35 2022
 Counter: 13 
 Errors: 0 
 Alarms: 0 

INFO:root:Wed Jan 26 19:18:38 2022 connect to server owa.medicina.ru
INFO:root:Wed Jan 26 19:18:38 2022owa.medicina.ru connected
INFO:root:Wed Jan 26 19:18:38 2022 message from maildeliverychecker@medicina.ru to for.test.mail.003@gmail.com sending!
INFO:root:Wed Jan 26 19:18:38 2022 connect to server smtp.gmail.com
INFO:root:Wed Jan 26 19:18:38 2022 smtp.gmail.com connected
INFO:root:Wed Jan 26 19:18:39 2022 message from for.test.mail.003@gmail.com to maildeliverychecker@medicina.ru sending!
INFO:root:Wed Jan 26 19:18:39 2022wait...
INFO:root:Wed Jan 26 19:28:39 2022unsleeping
INFO:root:Wed Jan 26 19:28:39 2022 connect to server owa.medicina.ru
INFO:root:Wed Jan 26 19:28:39 2022 Exchange connected
INFO:root:Wed Jan 26 19:28:39 2022 Message getting
INFO:root:Wed Jan 26 19:28:40 2022 Subject getting
INFO:root:Wed Jan 26 19:28:40 2022 connect to server imap.gmail.com
INFO:root:Wed Jan 26 19:28:41 2022 imap.gmail.com connected
INFO:root:Wed Jan 26 19:28:42 2022
 Counter: 14 
 Errors: 0 
 Alarms: 0 

INFO:root:Wed Jan 26 19:28:43 2022 connect to server owa.medicina.ru
INFO:root:Wed Jan 26 19:28:43 2022owa.medicina.ru connected
INFO:root:Wed Jan 26 19:28:43 2022 message from maildeliverychecker@medicina.ru to for.test.mail.003@gmail.com sending!
INFO:root:Wed Jan 26 19:28:43 2022 connect to server smtp.gmail.com
INFO:root:Wed Jan 26 19:28:44 2022 smtp.gmail.com connected
INFO:root:Wed Jan 26 19:28:44 2022 message from for.test.mail.003@gmail.com to maildeliverychecker@medicina.ru sending!
INFO:root:Wed Jan 26 19:28:44 2022wait...
INFO:root:Wed Jan 26 19:38:44 2022unsleeping
INFO:root:Wed Jan 26 19:38:44 2022 connect to server owa.medicina.ru
INFO:root:Wed Jan 26 19:38:44 2022 Exchange connected
INFO:root:Wed Jan 26 19:38:45 2022 Message getting
INFO:root:Wed Jan 26 19:38:45 2022 Subject getting
INFO:root:Wed Jan 26 19:38:45 2022 connect to server imap.gmail.com
INFO:root:Wed Jan 26 19:38:46 2022 imap.gmail.com connected
INFO:root:Wed Jan 26 19:38:47 2022
 Counter: 15 
 Errors: 0 
 Alarms: 0 

INFO:root:Wed Jan 26 19:38:49 2022 connect to server owa.medicina.ru
INFO:root:Wed Jan 26 19:38:49 2022owa.medicina.ru connected
INFO:root:Wed Jan 26 19:38:49 2022 message from maildeliverychecker@medicina.ru to for.test.mail.003@gmail.com sending!
INFO:root:Wed Jan 26 19:38:49 2022 connect to server smtp.gmail.com
INFO:root:Wed Jan 26 19:38:50 2022 smtp.gmail.com connected
INFO:root:Wed Jan 26 19:38:50 2022 message from for.test.mail.003@gmail.com to maildeliverychecker@medicina.ru sending!
INFO:root:Wed Jan 26 19:38:50 2022wait...
INFO:root:Wed Jan 26 19:48:50 2022unsleeping
INFO:root:Wed Jan 26 19:48:50 2022 connect to server owa.medicina.ru
INFO:root:Wed Jan 26 19:48:50 2022 Exchange connected
INFO:root:Wed Jan 26 19:48:54 2022 Message getting
INFO:root:Wed Jan 26 19:48:54 2022 Subject getting
INFO:root:Wed Jan 26 19:48:54 2022 connect to server imap.gmail.com
INFO:root:Wed Jan 26 19:48:55 2022 imap.gmail.com connected
INFO:root:Wed Jan 26 19:48:56 2022
 Counter: 16 
 Errors: 0 
 Alarms: 0 

INFO:root:Wed Jan 26 19:48:57 2022 connect to server owa.medicina.ru
INFO:root:Wed Jan 26 19:48:57 2022owa.medicina.ru connected
INFO:root:Wed Jan 26 19:48:57 2022 message from maildeliverychecker@medicina.ru to for.test.mail.003@gmail.com sending!
INFO:root:Wed Jan 26 19:48:58 2022 connect to server smtp.gmail.com
INFO:root:Wed Jan 26 19:48:58 2022 smtp.gmail.com connected
INFO:root:Wed Jan 26 19:48:59 2022 message from for.test.mail.003@gmail.com to maildeliverychecker@medicina.ru sending!
INFO:root:Wed Jan 26 19:48:59 2022wait...
INFO:root:Wed Jan 26 19:58:59 2022unsleeping
INFO:root:Wed Jan 26 19:58:59 2022 connect to server owa.medicina.ru
INFO:root:Wed Jan 26 19:58:59 2022 Exchange connected
INFO:root:Wed Jan 26 19:58:59 2022 Message getting
INFO:root:Wed Jan 26 19:58:59 2022 Subject getting
INFO:root:Wed Jan 26 19:58:59 2022 connect to server imap.gmail.com
INFO:root:Wed Jan 26 19:59:01 2022 imap.gmail.com connected
INFO:root:Wed Jan 26 19:59:01 2022
 Counter: 17 
 Errors: 0 
 Alarms: 0 

INFO:root:Wed Jan 26 19:59:03 2022 connect to server owa.medicina.ru
INFO:root:Wed Jan 26 19:59:03 2022owa.medicina.ru connected
INFO:root:Wed Jan 26 19:59:04 2022 message from maildeliverychecker@medicina.ru to for.test.mail.003@gmail.com sending!
INFO:root:Wed Jan 26 19:59:04 2022 connect to server smtp.gmail.com
INFO:root:Wed Jan 26 19:59:04 2022 smtp.gmail.com connected
INFO:root:Wed Jan 26 19:59:05 2022 message from for.test.mail.003@gmail.com to maildeliverychecker@medicina.ru sending!
INFO:root:Wed Jan 26 19:59:05 2022wait...
INFO:root:Wed Jan 26 20:09:05 2022unsleeping
INFO:root:Wed Jan 26 20:09:05 2022 connect to server owa.medicina.ru
INFO:root:Wed Jan 26 20:09:05 2022 Exchange connected
INFO:root:Wed Jan 26 20:09:05 2022 Message getting
INFO:root:Wed Jan 26 20:09:05 2022 Subject getting
INFO:root:Wed Jan 26 20:09:05 2022 connect to server imap.gmail.com
INFO:root:Wed Jan 26 20:09:06 2022 imap.gmail.com connected
INFO:root:Wed Jan 26 20:09:07 2022
 Counter: 18 
 Errors: 0 
 Alarms: 0 

INFO:root:Wed Jan 26 20:09:09 2022 connect to server owa.medicina.ru
INFO:root:Wed Jan 26 20:09:09 2022owa.medicina.ru connected
INFO:root:Wed Jan 26 20:09:09 2022 message from maildeliverychecker@medicina.ru to for.test.mail.003@gmail.com sending!
INFO:root:Wed Jan 26 20:09:09 2022 connect to server smtp.gmail.com
INFO:root:Wed Jan 26 20:09:09 2022 smtp.gmail.com connected
INFO:root:Wed Jan 26 20:09:10 2022 message from for.test.mail.003@gmail.com to maildeliverychecker@medicina.ru sending!
INFO:root:Wed Jan 26 20:09:10 2022wait...
INFO:root:Wed Jan 26 20:19:10 2022unsleeping
INFO:root:Wed Jan 26 20:19:10 2022 connect to server owa.medicina.ru
INFO:root:Wed Jan 26 20:19:10 2022 Exchange connected
INFO:root:Wed Jan 26 20:19:10 2022 Message getting
INFO:root:Wed Jan 26 20:19:11 2022 Subject getting
INFO:root:Wed Jan 26 20:19:11 2022 connect to server imap.gmail.com
INFO:root:Wed Jan 26 20:19:12 2022 imap.gmail.com connected
INFO:root:Wed Jan 26 20:19:13 2022
 Counter: 19 
 Errors: 0 
 Alarms: 0 

INFO:root:Wed Jan 26 20:19:15 2022 connect to server owa.medicina.ru
INFO:root:Wed Jan 26 20:19:15 2022owa.medicina.ru connected
INFO:root:Wed Jan 26 20:19:15 2022 message from maildeliverychecker@medicina.ru to for.test.mail.003@gmail.com sending!
INFO:root:Wed Jan 26 20:19:15 2022 connect to server smtp.gmail.com
INFO:root:Wed Jan 26 20:19:16 2022 smtp.gmail.com connected
INFO:root:Wed Jan 26 20:19:16 2022 message from for.test.mail.003@gmail.com to maildeliverychecker@medicina.ru sending!
INFO:root:Wed Jan 26 20:19:16 2022wait...
INFO:root:Wed Jan 26 20:29:16 2022unsleeping
INFO:root:Wed Jan 26 20:29:16 2022 connect to server owa.medicina.ru
INFO:root:Wed Jan 26 20:29:16 2022 Exchange connected
INFO:root:Wed Jan 26 20:29:17 2022 Message getting
INFO:root:Wed Jan 26 20:29:17 2022 Subject getting
INFO:root:Wed Jan 26 20:29:17 2022 connect to server imap.gmail.com
INFO:root:Wed Jan 26 20:29:18 2022 imap.gmail.com connected
INFO:root:Wed Jan 26 20:29:19 2022
 Counter: 20 
 Errors: 0 
 Alarms: 0 

INFO:root:Wed Jan 26 20:29:21 2022 connect to server owa.medicina.ru
INFO:root:Wed Jan 26 20:29:21 2022owa.medicina.ru connected
INFO:root:Wed Jan 26 20:29:21 2022 message from maildeliverychecker@medicina.ru to for.test.mail.003@gmail.com sending!
INFO:root:Wed Jan 26 20:29:21 2022 connect to server smtp.gmail.com
INFO:root:Wed Jan 26 20:29:22 2022 smtp.gmail.com connected
INFO:root:Wed Jan 26 20:29:22 2022 message from for.test.mail.003@gmail.com to maildeliverychecker@medicina.ru sending!
INFO:root:Wed Jan 26 20:29:22 2022wait...
INFO:root:Wed Jan 26 20:39:22 2022unsleeping
INFO:root:Wed Jan 26 20:39:22 2022 connect to server owa.medicina.ru
INFO:root:Wed Jan 26 20:39:22 2022 Exchange connected
INFO:root:Wed Jan 26 20:39:23 2022 Message getting
INFO:root:Wed Jan 26 20:39:23 2022 Subject getting
INFO:root:Wed Jan 26 20:39:23 2022 connect to server imap.gmail.com
INFO:root:Wed Jan 26 20:39:24 2022 imap.gmail.com connected
INFO:root:Wed Jan 26 20:39:25 2022
 Counter: 21 
 Errors: 0 
 Alarms: 0 

INFO:root:Wed Jan 26 20:39:27 2022 connect to server owa.medicina.ru
INFO:root:Wed Jan 26 20:39:27 2022owa.medicina.ru connected
INFO:root:Wed Jan 26 20:39:28 2022 message from maildeliverychecker@medicina.ru to for.test.mail.003@gmail.com sending!
INFO:root:Wed Jan 26 20:39:28 2022 connect to server smtp.gmail.com
INFO:root:Wed Jan 26 20:39:28 2022 smtp.gmail.com connected
INFO:root:Wed Jan 26 20:39:29 2022 message from for.test.mail.003@gmail.com to maildeliverychecker@medicina.ru sending!
INFO:root:Wed Jan 26 20:39:29 2022wait...
INFO:root:Wed Jan 26 20:49:29 2022unsleeping
INFO:root:Wed Jan 26 20:49:29 2022 connect to server owa.medicina.ru
INFO:root:Wed Jan 26 20:49:29 2022 Exchange connected
INFO:root:Wed Jan 26 20:49:29 2022 Message getting
INFO:root:Wed Jan 26 20:49:29 2022 Subject getting
INFO:root:Wed Jan 26 20:49:29 2022 connect to server imap.gmail.com
INFO:root:Wed Jan 26 20:49:30 2022 imap.gmail.com connected
INFO:root:Wed Jan 26 20:49:31 2022
 Counter: 22 
 Errors: 0 
 Alarms: 0 

INFO:root:Wed Jan 26 20:49:33 2022 connect to server owa.medicina.ru
INFO:root:Wed Jan 26 20:49:33 2022owa.medicina.ru connected
INFO:root:Wed Jan 26 20:49:33 2022 message from maildeliverychecker@medicina.ru to for.test.mail.003@gmail.com sending!
INFO:root:Wed Jan 26 20:49:33 2022 connect to server smtp.gmail.com
INFO:root:Wed Jan 26 20:49:34 2022 smtp.gmail.com connected
INFO:root:Wed Jan 26 20:49:35 2022 message from for.test.mail.003@gmail.com to maildeliverychecker@medicina.ru sending!
INFO:root:Wed Jan 26 20:49:35 2022wait...
INFO:root:Wed Jan 26 20:59:35 2022unsleeping
INFO:root:Wed Jan 26 20:59:35 2022 connect to server owa.medicina.ru
INFO:root:Wed Jan 26 20:59:35 2022 Exchange connected
INFO:root:Wed Jan 26 20:59:35 2022 Message getting
INFO:root:Wed Jan 26 20:59:35 2022 Subject getting
INFO:root:Wed Jan 26 20:59:35 2022 connect to server imap.gmail.com
INFO:root:Wed Jan 26 20:59:36 2022 imap.gmail.com connected
INFO:root:Wed Jan 26 20:59:37 2022
 Counter: 23 
 Errors: 0 
 Alarms: 0 

INFO:root:Wed Jan 26 20:59:39 2022 connect to server owa.medicina.ru
INFO:root:Wed Jan 26 20:59:39 2022owa.medicina.ru connected
INFO:root:Wed Jan 26 20:59:39 2022 message from maildeliverychecker@medicina.ru to for.test.mail.003@gmail.com sending!
INFO:root:Wed Jan 26 20:59:40 2022 connect to server smtp.gmail.com
INFO:root:Wed Jan 26 20:59:40 2022 smtp.gmail.com connected
INFO:root:Wed Jan 26 20:59:40 2022 message from for.test.mail.003@gmail.com to maildeliverychecker@medicina.ru sending!
INFO:root:Wed Jan 26 20:59:41 2022wait...
INFO:root:Wed Jan 26 21:09:41 2022unsleeping
INFO:root:Wed Jan 26 21:09:41 2022 connect to server owa.medicina.ru
INFO:root:Wed Jan 26 21:09:41 2022 Exchange connected
INFO:root:Wed Jan 26 21:09:41 2022 Message getting
INFO:root:Wed Jan 26 21:09:41 2022 Subject getting
INFO:root:Wed Jan 26 21:09:41 2022 connect to server imap.gmail.com
INFO:root:Wed Jan 26 21:09:42 2022 imap.gmail.com connected
INFO:root:Wed Jan 26 21:09:43 2022
 Counter: 24 
 Errors: 0 
 Alarms: 0 

INFO:root:Wed Jan 26 21:09:44 2022 connect to server owa.medicina.ru
INFO:root:Wed Jan 26 21:09:44 2022owa.medicina.ru connected
INFO:root:Wed Jan 26 21:09:44 2022 message from maildeliverychecker@medicina.ru to for.test.mail.003@gmail.com sending!
INFO:root:Wed Jan 26 21:09:45 2022 connect to server smtp.gmail.com
INFO:root:Wed Jan 26 21:09:45 2022 smtp.gmail.com connected
INFO:root:Wed Jan 26 21:09:46 2022 message from for.test.mail.003@gmail.com to maildeliverychecker@medicina.ru sending!
INFO:root:Wed Jan 26 21:09:46 2022wait...
INFO:root:Wed Jan 26 21:19:46 2022unsleeping
INFO:root:Wed Jan 26 21:19:46 2022 connect to server owa.medicina.ru
INFO:root:Wed Jan 26 21:19:46 2022 Exchange connected
INFO:root:Wed Jan 26 21:19:46 2022 Message getting
INFO:root:Wed Jan 26 21:19:46 2022 Subject getting
INFO:root:Wed Jan 26 21:19:46 2022 connect to server imap.gmail.com
INFO:root:Wed Jan 26 21:19:47 2022 imap.gmail.com connected
INFO:root:Wed Jan 26 21:19:48 2022
 Counter: 25 
 Errors: 0 
 Alarms: 0 

INFO:root:Wed Jan 26 21:19:50 2022 connect to server owa.medicina.ru
INFO:root:Wed Jan 26 21:19:50 2022owa.medicina.ru connected
INFO:root:Wed Jan 26 21:19:50 2022 message from maildeliverychecker@medicina.ru to for.test.mail.003@gmail.com sending!
INFO:root:Wed Jan 26 21:19:50 2022 connect to server smtp.gmail.com
INFO:root:Wed Jan 26 21:19:50 2022 smtp.gmail.com connected
INFO:root:Wed Jan 26 21:19:51 2022 message from for.test.mail.003@gmail.com to maildeliverychecker@medicina.ru sending!
INFO:root:Wed Jan 26 21:19:51 2022wait...
INFO:root:Wed Jan 26 21:29:51 2022unsleeping
INFO:root:Wed Jan 26 21:29:51 2022 connect to server owa.medicina.ru
INFO:root:Wed Jan 26 21:29:51 2022 Exchange connected
INFO:root:Wed Jan 26 21:29:51 2022 Message getting
INFO:root:Wed Jan 26 21:29:51 2022 Subject getting
INFO:root:Wed Jan 26 21:29:51 2022 connect to server imap.gmail.com
INFO:root:Wed Jan 26 21:29:52 2022 imap.gmail.com connected
INFO:root:Wed Jan 26 21:29:53 2022
 Counter: 26 
 Errors: 0 
 Alarms: 0 

INFO:root:Wed Jan 26 21:29:55 2022 connect to server owa.medicina.ru
INFO:root:Wed Jan 26 21:29:55 2022owa.medicina.ru connected
INFO:root:Wed Jan 26 21:29:56 2022 message from maildeliverychecker@medicina.ru to for.test.mail.003@gmail.com sending!
INFO:root:Wed Jan 26 21:29:56 2022 connect to server smtp.gmail.com
INFO:root:Wed Jan 26 21:29:56 2022 smtp.gmail.com connected
INFO:root:Wed Jan 26 21:29:57 2022 message from for.test.mail.003@gmail.com to maildeliverychecker@medicina.ru sending!
INFO:root:Wed Jan 26 21:29:57 2022wait...
INFO:root:Wed Jan 26 21:39:57 2022unsleeping
INFO:root:Wed Jan 26 21:39:57 2022 connect to server owa.medicina.ru
INFO:root:Wed Jan 26 21:39:57 2022 Exchange connected
INFO:root:Wed Jan 26 21:39:57 2022 Message getting
INFO:root:Wed Jan 26 21:39:57 2022 Subject getting
INFO:root:Wed Jan 26 21:39:57 2022 connect to server imap.gmail.com
INFO:root:Wed Jan 26 21:39:58 2022 imap.gmail.com connected
INFO:root:Wed Jan 26 21:39:59 2022
 Counter: 27 
 Errors: 0 
 Alarms: 0 

INFO:root:Wed Jan 26 21:40:00 2022 connect to server owa.medicina.ru
INFO:root:Wed Jan 26 21:40:00 2022owa.medicina.ru connected
INFO:root:Wed Jan 26 21:40:01 2022 message from maildeliverychecker@medicina.ru to for.test.mail.003@gmail.com sending!
INFO:root:Wed Jan 26 21:40:01 2022 connect to server smtp.gmail.com
INFO:root:Wed Jan 26 21:40:01 2022 smtp.gmail.com connected
INFO:root:Wed Jan 26 21:40:02 2022 message from for.test.mail.003@gmail.com to maildeliverychecker@medicina.ru sending!
INFO:root:Wed Jan 26 21:40:02 2022wait...
INFO:root:Wed Jan 26 21:50:02 2022unsleeping
INFO:root:Wed Jan 26 21:50:02 2022 connect to server owa.medicina.ru
INFO:root:Wed Jan 26 21:50:02 2022 Exchange connected
INFO:root:Wed Jan 26 21:50:02 2022 Message getting
INFO:root:Wed Jan 26 21:50:02 2022 Subject getting
INFO:root:Wed Jan 26 21:50:02 2022 connect to server imap.gmail.com
INFO:root:Wed Jan 26 21:50:04 2022 imap.gmail.com connected
INFO:root:Wed Jan 26 21:50:05 2022
 Counter: 28 
 Errors: 0 
 Alarms: 0 

INFO:root:Wed Jan 26 21:50:07 2022 connect to server owa.medicina.ru
INFO:root:Wed Jan 26 21:50:07 2022owa.medicina.ru connected
INFO:root:Wed Jan 26 21:50:07 2022 message from maildeliverychecker@medicina.ru to for.test.mail.003@gmail.com sending!
INFO:root:Wed Jan 26 21:50:08 2022 connect to server smtp.gmail.com
INFO:root:Wed Jan 26 21:50:08 2022 smtp.gmail.com connected
INFO:root:Wed Jan 26 21:50:08 2022 message from for.test.mail.003@gmail.com to maildeliverychecker@medicina.ru sending!
INFO:root:Wed Jan 26 21:50:08 2022wait...
INFO:root:Wed Jan 26 22:00:08 2022unsleeping
INFO:root:Wed Jan 26 22:00:08 2022 connect to server owa.medicina.ru
INFO:root:Wed Jan 26 22:00:08 2022 Exchange connected
INFO:root:Wed Jan 26 22:00:09 2022 Message getting
INFO:root:Wed Jan 26 22:00:09 2022 Subject getting
INFO:root:Wed Jan 26 22:00:09 2022 connect to server imap.gmail.com
INFO:root:Wed Jan 26 22:00:10 2022 imap.gmail.com connected
INFO:root:Wed Jan 26 22:00:11 2022
 Counter: 29 
 Errors: 0 
 Alarms: 0 

INFO:root:Wed Jan 26 22:00:13 2022 connect to server owa.medicina.ru
INFO:root:Wed Jan 26 22:00:13 2022owa.medicina.ru connected
INFO:root:Wed Jan 26 22:00:14 2022 message from maildeliverychecker@medicina.ru to for.test.mail.003@gmail.com sending!
INFO:root:Wed Jan 26 22:00:14 2022 connect to server smtp.gmail.com
INFO:root:Wed Jan 26 22:00:14 2022 smtp.gmail.com connected
INFO:root:Wed Jan 26 22:00:15 2022 message from for.test.mail.003@gmail.com to maildeliverychecker@medicina.ru sending!
INFO:root:Wed Jan 26 22:00:15 2022wait...
INFO:root:Wed Jan 26 22:10:15 2022unsleeping
INFO:root:Wed Jan 26 22:10:15 2022 connect to server owa.medicina.ru
INFO:root:Wed Jan 26 22:10:15 2022 Exchange connected
INFO:root:Wed Jan 26 22:10:15 2022 Message getting
INFO:root:Wed Jan 26 22:10:15 2022 Subject getting
INFO:root:Wed Jan 26 22:10:15 2022 connect to server imap.gmail.com
INFO:root:Wed Jan 26 22:10:16 2022 imap.gmail.com connected
INFO:root:Wed Jan 26 22:10:17 2022
 Counter: 30 
 Errors: 0 
 Alarms: 0 

INFO:root:Wed Jan 26 22:10:19 2022 connect to server owa.medicina.ru
INFO:root:Wed Jan 26 22:10:19 2022owa.medicina.ru connected
INFO:root:Wed Jan 26 22:10:19 2022 message from maildeliverychecker@medicina.ru to for.test.mail.003@gmail.com sending!
INFO:root:Wed Jan 26 22:10:19 2022 connect to server smtp.gmail.com
INFO:root:Wed Jan 26 22:10:19 2022 smtp.gmail.com connected
INFO:root:Wed Jan 26 22:10:20 2022 message from for.test.mail.003@gmail.com to maildeliverychecker@medicina.ru sending!
INFO:root:Wed Jan 26 22:10:20 2022wait...
INFO:root:Wed Jan 26 22:20:20 2022unsleeping
INFO:root:Wed Jan 26 22:20:20 2022 connect to server owa.medicina.ru
INFO:root:Wed Jan 26 22:20:20 2022 Exchange connected
INFO:root:Wed Jan 26 22:20:20 2022 Message getting
INFO:root:Wed Jan 26 22:20:20 2022 Subject getting
INFO:root:Wed Jan 26 22:20:20 2022 connect to server imap.gmail.com
INFO:root:Wed Jan 26 22:20:21 2022 imap.gmail.com connected
INFO:root:Wed Jan 26 22:20:22 2022
 Counter: 31 
 Errors: 0 
 Alarms: 0 

INFO:root:Wed Jan 26 22:20:24 2022 connect to server owa.medicina.ru
INFO:root:Wed Jan 26 22:20:24 2022owa.medicina.ru connected
INFO:root:Wed Jan 26 22:20:24 2022 message from maildeliverychecker@medicina.ru to for.test.mail.003@gmail.com sending!
INFO:root:Wed Jan 26 22:20:24 2022 connect to server smtp.gmail.com
INFO:root:Wed Jan 26 22:20:24 2022 smtp.gmail.com connected
INFO:root:Wed Jan 26 22:20:25 2022 message from for.test.mail.003@gmail.com to maildeliverychecker@medicina.ru sending!
INFO:root:Wed Jan 26 22:20:25 2022wait...
INFO:root:Wed Jan 26 22:30:25 2022unsleeping
INFO:root:Wed Jan 26 22:30:25 2022 connect to server owa.medicina.ru
INFO:root:Wed Jan 26 22:30:25 2022 Exchange connected
INFO:root:Wed Jan 26 22:30:25 2022 Message getting
INFO:root:Wed Jan 26 22:30:25 2022 Subject getting
INFO:root:Wed Jan 26 22:30:25 2022 connect to server imap.gmail.com
INFO:root:Wed Jan 26 22:30:26 2022 imap.gmail.com connected
INFO:root:Wed Jan 26 22:30:27 2022
 Counter: 32 
 Errors: 0 
 Alarms: 0 

INFO:root:Wed Jan 26 22:30:30 2022 connect to server owa.medicina.ru
INFO:root:Wed Jan 26 22:30:30 2022owa.medicina.ru connected
INFO:root:Wed Jan 26 22:30:30 2022 message from maildeliverychecker@medicina.ru to for.test.mail.003@gmail.com sending!
INFO:root:Wed Jan 26 22:30:30 2022 connect to server smtp.gmail.com
INFO:root:Wed Jan 26 22:30:30 2022 smtp.gmail.com connected
INFO:root:Wed Jan 26 22:30:31 2022 message from for.test.mail.003@gmail.com to maildeliverychecker@medicina.ru sending!
INFO:root:Wed Jan 26 22:30:31 2022wait...
INFO:root:Wed Jan 26 22:40:31 2022unsleeping
INFO:root:Wed Jan 26 22:40:31 2022 connect to server owa.medicina.ru
INFO:root:Wed Jan 26 22:40:31 2022 Exchange connected
INFO:root:Wed Jan 26 22:40:31 2022 Message getting
INFO:root:Wed Jan 26 22:40:31 2022 Subject getting
INFO:root:Wed Jan 26 22:40:31 2022 connect to server imap.gmail.com
INFO:root:Wed Jan 26 22:40:32 2022 imap.gmail.com connected
INFO:root:Wed Jan 26 22:40:33 2022
 Counter: 33 
 Errors: 0 
 Alarms: 0 

INFO:root:Wed Jan 26 22:40:35 2022 connect to server owa.medicina.ru
INFO:root:Wed Jan 26 22:40:35 2022owa.medicina.ru connected
INFO:root:Wed Jan 26 22:40:36 2022 message from maildeliverychecker@medicina.ru to for.test.mail.003@gmail.com sending!
INFO:root:Wed Jan 26 22:40:36 2022 connect to server smtp.gmail.com
INFO:root:Wed Jan 26 22:40:36 2022 smtp.gmail.com connected
INFO:root:Wed Jan 26 22:40:37 2022 message from for.test.mail.003@gmail.com to maildeliverychecker@medicina.ru sending!
INFO:root:Wed Jan 26 22:40:37 2022wait...
INFO:root:Wed Jan 26 22:50:37 2022unsleeping
INFO:root:Wed Jan 26 22:50:37 2022 connect to server owa.medicina.ru
INFO:root:Wed Jan 26 22:50:37 2022 Exchange connected
INFO:root:Wed Jan 26 22:50:37 2022 Message getting
INFO:root:Wed Jan 26 22:50:37 2022 Subject getting
INFO:root:Wed Jan 26 22:50:37 2022 connect to server imap.gmail.com
INFO:root:Wed Jan 26 22:50:38 2022 imap.gmail.com connected
INFO:root:Wed Jan 26 22:50:39 2022
 Counter: 34 
 Errors: 0 
 Alarms: 0 

INFO:root:Wed Jan 26 22:50:42 2022 connect to server owa.medicina.ru
INFO:root:Wed Jan 26 22:50:42 2022owa.medicina.ru connected
INFO:root:Wed Jan 26 22:50:42 2022 message from maildeliverychecker@medicina.ru to for.test.mail.003@gmail.com sending!
INFO:root:Wed Jan 26 22:50:42 2022 connect to server smtp.gmail.com
INFO:root:Wed Jan 26 22:50:42 2022 smtp.gmail.com connected
INFO:root:Wed Jan 26 22:50:43 2022 message from for.test.mail.003@gmail.com to maildeliverychecker@medicina.ru sending!
INFO:root:Wed Jan 26 22:50:43 2022wait...
INFO:root:Wed Jan 26 23:00:43 2022unsleeping
INFO:root:Wed Jan 26 23:00:43 2022 connect to server owa.medicina.ru
INFO:root:Wed Jan 26 23:00:43 2022 Exchange connected
INFO:root:Wed Jan 26 23:00:43 2022 Message getting
INFO:root:Wed Jan 26 23:00:44 2022 Subject getting
INFO:root:Wed Jan 26 23:00:44 2022 connect to server imap.gmail.com
INFO:root:Wed Jan 26 23:00:45 2022 imap.gmail.com connected
INFO:root:Wed Jan 26 23:00:46 2022
 Counter: 35 
 Errors: 0 
 Alarms: 0 

INFO:root:Wed Jan 26 23:00:48 2022 connect to server owa.medicina.ru
INFO:root:Wed Jan 26 23:00:48 2022owa.medicina.ru connected
INFO:root:Wed Jan 26 23:00:48 2022 message from maildeliverychecker@medicina.ru to for.test.mail.003@gmail.com sending!
INFO:root:Wed Jan 26 23:00:48 2022 connect to server smtp.gmail.com
INFO:root:Wed Jan 26 23:00:49 2022 smtp.gmail.com connected
INFO:root:Wed Jan 26 23:00:49 2022 message from for.test.mail.003@gmail.com to maildeliverychecker@medicina.ru sending!
INFO:root:Wed Jan 26 23:00:49 2022wait...
INFO:root:Wed Jan 26 23:10:49 2022unsleeping
INFO:root:Wed Jan 26 23:10:49 2022 connect to server owa.medicina.ru
INFO:root:Wed Jan 26 23:10:49 2022 Exchange connected
INFO:root:Wed Jan 26 23:10:50 2022 Message getting
INFO:root:Wed Jan 26 23:10:50 2022 Subject getting
INFO:root:Wed Jan 26 23:10:50 2022 connect to server imap.gmail.com
INFO:root:Wed Jan 26 23:10:51 2022 imap.gmail.com connected
INFO:root:Wed Jan 26 23:10:52 2022
 Counter: 36 
 Errors: 0 
 Alarms: 0 

INFO:root:Wed Jan 26 23:10:54 2022 connect to server owa.medicina.ru
INFO:root:Wed Jan 26 23:10:54 2022owa.medicina.ru connected
INFO:root:Wed Jan 26 23:10:55 2022 message from maildeliverychecker@medicina.ru to for.test.mail.003@gmail.com sending!
INFO:root:Wed Jan 26 23:10:55 2022 connect to server smtp.gmail.com
INFO:root:Wed Jan 26 23:10:56 2022 smtp.gmail.com connected
INFO:root:Wed Jan 26 23:10:57 2022 message from for.test.mail.003@gmail.com to maildeliverychecker@medicina.ru sending!
INFO:root:Wed Jan 26 23:10:57 2022wait...
INFO:root:Wed Jan 26 23:20:57 2022unsleeping
INFO:root:Wed Jan 26 23:20:57 2022 connect to server owa.medicina.ru
INFO:root:Wed Jan 26 23:20:57 2022 Exchange connected
INFO:root:Wed Jan 26 23:20:57 2022 Message getting
INFO:root:Wed Jan 26 23:20:57 2022 Subject getting
INFO:root:Wed Jan 26 23:20:57 2022 connect to server imap.gmail.com
INFO:root:Wed Jan 26 23:20:58 2022 imap.gmail.com connected
INFO:root:Wed Jan 26 23:20:59 2022
 Counter: 37 
 Errors: 0 
 Alarms: 0 

INFO:root:Wed Jan 26 23:21:01 2022 connect to server owa.medicina.ru
INFO:root:Wed Jan 26 23:21:01 2022owa.medicina.ru connected
INFO:root:Wed Jan 26 23:21:01 2022 message from maildeliverychecker@medicina.ru to for.test.mail.003@gmail.com sending!
INFO:root:Wed Jan 26 23:21:01 2022 connect to server smtp.gmail.com
INFO:root:Wed Jan 26 23:21:02 2022 smtp.gmail.com connected
INFO:root:Wed Jan 26 23:21:02 2022 message from for.test.mail.003@gmail.com to maildeliverychecker@medicina.ru sending!
INFO:root:Wed Jan 26 23:21:02 2022wait...
INFO:root:Wed Jan 26 23:31:02 2022unsleeping
INFO:root:Wed Jan 26 23:31:02 2022 connect to server owa.medicina.ru
INFO:root:Wed Jan 26 23:31:02 2022 Exchange connected
INFO:root:Wed Jan 26 23:31:03 2022 Message getting
INFO:root:Wed Jan 26 23:31:03 2022 Subject getting
INFO:root:Wed Jan 26 23:31:03 2022 connect to server imap.gmail.com
INFO:root:Wed Jan 26 23:31:03 2022 imap.gmail.com connected
INFO:root:Wed Jan 26 23:31:04 2022
 Counter: 38 
 Errors: 0 
 Alarms: 0 

INFO:root:Wed Jan 26 23:31:06 2022 connect to server owa.medicina.ru
INFO:root:Wed Jan 26 23:31:06 2022owa.medicina.ru connected
INFO:root:Wed Jan 26 23:31:06 2022 message from maildeliverychecker@medicina.ru to for.test.mail.003@gmail.com sending!
INFO:root:Wed Jan 26 23:31:06 2022 connect to server smtp.gmail.com
INFO:root:Wed Jan 26 23:31:07 2022 smtp.gmail.com connected
INFO:root:Wed Jan 26 23:31:07 2022 message from for.test.mail.003@gmail.com to maildeliverychecker@medicina.ru sending!
INFO:root:Wed Jan 26 23:31:07 2022wait...
INFO:root:Wed Jan 26 23:41:07 2022unsleeping
INFO:root:Wed Jan 26 23:41:07 2022 connect to server owa.medicina.ru
INFO:root:Wed Jan 26 23:41:07 2022 Exchange connected
INFO:root:Wed Jan 26 23:41:08 2022 Message getting
INFO:root:Wed Jan 26 23:41:08 2022 Subject getting
INFO:root:Wed Jan 26 23:41:08 2022 connect to server imap.gmail.com
INFO:root:Wed Jan 26 23:41:09 2022 imap.gmail.com connected
INFO:root:Wed Jan 26 23:41:10 2022
 Counter: 39 
 Errors: 0 
 Alarms: 0 

INFO:root:Wed Jan 26 23:41:11 2022 connect to server owa.medicina.ru
INFO:root:Wed Jan 26 23:41:11 2022owa.medicina.ru connected
INFO:root:Wed Jan 26 23:41:11 2022 message from maildeliverychecker@medicina.ru to for.test.mail.003@gmail.com sending!
INFO:root:Wed Jan 26 23:41:12 2022 connect to server smtp.gmail.com
INFO:root:Wed Jan 26 23:41:12 2022 smtp.gmail.com connected
INFO:root:Wed Jan 26 23:41:13 2022 message from for.test.mail.003@gmail.com to maildeliverychecker@medicina.ru sending!
INFO:root:Wed Jan 26 23:41:13 2022wait...
INFO:root:Wed Jan 26 23:51:13 2022unsleeping
INFO:root:Wed Jan 26 23:51:13 2022 connect to server owa.medicina.ru
INFO:root:Wed Jan 26 23:51:13 2022 Exchange connected
INFO:root:Wed Jan 26 23:51:13 2022 Message getting
INFO:root:Wed Jan 26 23:51:13 2022 Subject getting
INFO:root:Wed Jan 26 23:51:13 2022 connect to server imap.gmail.com
INFO:root:Wed Jan 26 23:51:14 2022 imap.gmail.com connected
INFO:root:Wed Jan 26 23:51:15 2022
 Counter: 40 
 Errors: 0 
 Alarms: 0 

INFO:root:Wed Jan 26 23:51:17 2022 connect to server owa.medicina.ru
INFO:root:Wed Jan 26 23:51:17 2022owa.medicina.ru connected
INFO:root:Wed Jan 26 23:51:17 2022 message from maildeliverychecker@medicina.ru to for.test.mail.003@gmail.com sending!
INFO:root:Wed Jan 26 23:51:17 2022 connect to server smtp.gmail.com
INFO:root:Wed Jan 26 23:51:18 2022 smtp.gmail.com connected
INFO:root:Wed Jan 26 23:51:18 2022 message from for.test.mail.003@gmail.com to maildeliverychecker@medicina.ru sending!
INFO:root:Wed Jan 26 23:51:18 2022wait...
INFO:root:Thu Jan 27 00:01:18 2022unsleeping
INFO:root:Thu Jan 27 00:01:18 2022 connect to server owa.medicina.ru
INFO:root:Thu Jan 27 00:01:18 2022 Exchange connected
WARNING:exchangelib.services.common:Account maildeliverychecker@medicina.ru: Exception in _get_elements: Traceback (most recent call last):
  File "C:\Users\sorokin.k\PycharmProjects\mailCheckerExchange\venv\lib\site-packages\cached_property.py", line 70, in __get__
    return obj_dict[name]
KeyError: 'inbox'

During handling of the above exception, another exception occurred:

Traceback (most recent call last):
  File "C:\Users\sorokin.k\PycharmProjects\mailCheckerExchange\venv\lib\site-packages\cached_property.py", line 70, in __get__
    return obj_dict[name]
KeyError: 'root'

During handling of the above exception, another exception occurred:

Traceback (most recent call last):
  File "C:\Users\sorokin.k\PycharmProjects\mailCheckerExchange\venv\lib\site-packages\exchangelib\services\common.py", line 246, in _get_elements
    yield from self._response_generator(payload=payload)
  File "C:\Users\sorokin.k\PycharmProjects\mailCheckerExchange\venv\lib\site-packages\exchangelib\services\common.py", line 208, in _response_generator
    response = self._get_response_xml(payload=payload)
  File "C:\Users\sorokin.k\PycharmProjects\mailCheckerExchange\venv\lib\site-packages\exchangelib\services\common.py", line 332, in _get_response_xml
    r = self._get_response(payload=payload, api_version=api_version)
  File "C:\Users\sorokin.k\PycharmProjects\mailCheckerExchange\venv\lib\site-packages\exchangelib\services\common.py", line 286, in _get_response
    r, session = post_ratelimited(
  File "C:\Users\sorokin.k\PycharmProjects\mailCheckerExchange\venv\lib\site-packages\exchangelib\util.py", line 884, in post_ratelimited
    protocol.retry_policy.raise_response_errors(r)  # Always raises an exception
  File "C:\Users\sorokin.k\PycharmProjects\mailCheckerExchange\venv\lib\site-packages\exchangelib\protocol.py", line 658, in raise_response_errors
    raise response.headers['TimeoutException']
  File "C:\Users\sorokin.k\PycharmProjects\mailCheckerExchange\venv\lib\site-packages\exchangelib\util.py", line 817, in post_ratelimited
    r = session.post(url=url, headers=headers, data=data, allow_redirects=False, timeout=timeout,
  File "C:\Users\sorokin.k\PycharmProjects\mailCheckerExchange\venv\lib\site-packages\requests\sessions.py", line 577, in post
    return self.request('POST', url, data=data, json=json, **kwargs)
  File "C:\Users\sorokin.k\PycharmProjects\mailCheckerExchange\venv\lib\site-packages\requests\sessions.py", line 529, in request
    resp = self.send(prep, **send_kwargs)
  File "C:\Users\sorokin.k\PycharmProjects\mailCheckerExchange\venv\lib\site-packages\requests\sessions.py", line 645, in send
    r = adapter.send(request, **kwargs)
  File "C:\Users\sorokin.k\PycharmProjects\mailCheckerExchange\venv\lib\site-packages\requests\adapters.py", line 501, in send
    raise ConnectionError(err, request=request)
requests.exceptions.ConnectionError: ('Connection aborted.', RemoteDisconnected('Remote end closed connection without response'))

ERROR:root:Thu Jan 27 00:01:19 2022 IMAP_EXCHANGE_ERROR: ('Connection aborted.', RemoteDisconnected('Remote end closed connection without response'))
INFO:root:Thu Jan 27 00:03:19 2022 connect to server owa.medicina.ru
INFO:root:Thu Jan 27 00:03:19 2022 Exchange connected
INFO:root:Thu Jan 27 00:03:19 2022 Message getting
INFO:root:Thu Jan 27 00:03:19 2022 Subject getting
INFO:root:Thu Jan 27 00:03:19 2022 connect to server imap.gmail.com
INFO:root:Thu Jan 27 00:03:20 2022 imap.gmail.com connected
INFO:root:Thu Jan 27 00:03:21 2022
 Counter: 41 
 Errors: 1 
 Alarms: 0 

INFO:root:Thu Jan 27 00:03:23 2022 connect to server owa.medicina.ru
INFO:root:Thu Jan 27 00:03:23 2022owa.medicina.ru connected
INFO:root:Thu Jan 27 00:03:23 2022 message from maildeliverychecker@medicina.ru to for.test.mail.003@gmail.com sending!
INFO:root:Thu Jan 27 00:03:23 2022 connect to server smtp.gmail.com
INFO:root:Thu Jan 27 00:03:24 2022 smtp.gmail.com connected
INFO:root:Thu Jan 27 00:03:24 2022 message from for.test.mail.003@gmail.com to maildeliverychecker@medicina.ru sending!
INFO:root:Thu Jan 27 00:03:24 2022wait...
INFO:root:Thu Jan 27 00:13:24 2022unsleeping
INFO:root:Thu Jan 27 00:13:24 2022 connect to server owa.medicina.ru
INFO:root:Thu Jan 27 00:13:24 2022 Exchange connected
INFO:root:Thu Jan 27 00:13:25 2022 Message getting
INFO:root:Thu Jan 27 00:13:25 2022 Subject getting
INFO:root:Thu Jan 27 00:13:25 2022 connect to server imap.gmail.com
INFO:root:Thu Jan 27 00:13:26 2022 imap.gmail.com connected
INFO:root:Thu Jan 27 00:13:27 2022
 Counter: 42 
 Errors: 1 
 Alarms: 0 

INFO:root:Thu Jan 27 00:13:28 2022 connect to server owa.medicina.ru
INFO:root:Thu Jan 27 00:13:28 2022owa.medicina.ru connected
INFO:root:Thu Jan 27 00:13:28 2022 message from maildeliverychecker@medicina.ru to for.test.mail.003@gmail.com sending!
INFO:root:Thu Jan 27 00:13:29 2022 connect to server smtp.gmail.com
INFO:root:Thu Jan 27 00:13:29 2022 smtp.gmail.com connected
INFO:root:Thu Jan 27 00:13:29 2022 message from for.test.mail.003@gmail.com to maildeliverychecker@medicina.ru sending!
INFO:root:Thu Jan 27 00:13:29 2022wait...
INFO:root:Thu Jan 27 00:23:29 2022unsleeping
INFO:root:Thu Jan 27 00:23:29 2022 connect to server owa.medicina.ru
INFO:root:Thu Jan 27 00:23:29 2022 Exchange connected
INFO:root:Thu Jan 27 00:23:30 2022 Message getting
INFO:root:Thu Jan 27 00:23:30 2022 Subject getting
INFO:root:Thu Jan 27 00:23:30 2022 connect to server imap.gmail.com
INFO:root:Thu Jan 27 00:23:31 2022 imap.gmail.com connected
INFO:root:Thu Jan 27 00:23:32 2022
 Counter: 43 
 Errors: 1 
 Alarms: 0 

INFO:root:Thu Jan 27 00:23:34 2022 connect to server owa.medicina.ru
INFO:root:Thu Jan 27 00:23:34 2022owa.medicina.ru connected
INFO:root:Thu Jan 27 00:23:34 2022 message from maildeliverychecker@medicina.ru to for.test.mail.003@gmail.com sending!
INFO:root:Thu Jan 27 00:23:34 2022 connect to server smtp.gmail.com
INFO:root:Thu Jan 27 00:23:34 2022 smtp.gmail.com connected
INFO:root:Thu Jan 27 00:23:35 2022 message from for.test.mail.003@gmail.com to maildeliverychecker@medicina.ru sending!
INFO:root:Thu Jan 27 00:23:35 2022wait...
INFO:root:Thu Jan 27 00:33:35 2022unsleeping
INFO:root:Thu Jan 27 00:33:35 2022 connect to server owa.medicina.ru
INFO:root:Thu Jan 27 00:33:35 2022 Exchange connected
INFO:root:Thu Jan 27 00:33:35 2022 Message getting
INFO:root:Thu Jan 27 00:33:35 2022 Subject getting
INFO:root:Thu Jan 27 00:33:35 2022 connect to server imap.gmail.com
INFO:root:Thu Jan 27 00:33:36 2022 imap.gmail.com connected
INFO:root:Thu Jan 27 00:33:37 2022
 Counter: 44 
 Errors: 1 
 Alarms: 0 

INFO:root:Thu Jan 27 00:33:39 2022 connect to server owa.medicina.ru
INFO:root:Thu Jan 27 00:33:39 2022owa.medicina.ru connected
INFO:root:Thu Jan 27 00:33:40 2022 message from maildeliverychecker@medicina.ru to for.test.mail.003@gmail.com sending!
INFO:root:Thu Jan 27 00:33:40 2022 connect to server smtp.gmail.com
INFO:root:Thu Jan 27 00:33:40 2022 smtp.gmail.com connected
INFO:root:Thu Jan 27 00:33:41 2022 message from for.test.mail.003@gmail.com to maildeliverychecker@medicina.ru sending!
INFO:root:Thu Jan 27 00:33:41 2022wait...
INFO:root:Thu Jan 27 00:43:41 2022unsleeping
INFO:root:Thu Jan 27 00:43:41 2022 connect to server owa.medicina.ru
INFO:root:Thu Jan 27 00:43:41 2022 Exchange connected
INFO:root:Thu Jan 27 00:43:41 2022 Message getting
INFO:root:Thu Jan 27 00:43:41 2022 Subject getting
INFO:root:Thu Jan 27 00:43:41 2022 connect to server imap.gmail.com
INFO:root:Thu Jan 27 00:43:42 2022 imap.gmail.com connected
INFO:root:Thu Jan 27 00:43:43 2022
 Counter: 45 
 Errors: 1 
 Alarms: 0 

INFO:root:Thu Jan 27 00:43:46 2022 connect to server owa.medicina.ru
INFO:root:Thu Jan 27 00:43:46 2022owa.medicina.ru connected
INFO:root:Thu Jan 27 00:43:46 2022 message from maildeliverychecker@medicina.ru to for.test.mail.003@gmail.com sending!
INFO:root:Thu Jan 27 00:43:46 2022 connect to server smtp.gmail.com
INFO:root:Thu Jan 27 00:43:46 2022 smtp.gmail.com connected
INFO:root:Thu Jan 27 00:43:47 2022 message from for.test.mail.003@gmail.com to maildeliverychecker@medicina.ru sending!
INFO:root:Thu Jan 27 00:43:47 2022wait...
INFO:root:Thu Jan 27 00:53:47 2022unsleeping
INFO:root:Thu Jan 27 00:53:47 2022 connect to server owa.medicina.ru
INFO:root:Thu Jan 27 00:53:47 2022 Exchange connected
INFO:root:Thu Jan 27 00:53:47 2022 Message getting
INFO:root:Thu Jan 27 00:53:47 2022 Subject getting
INFO:root:Thu Jan 27 00:53:47 2022 connect to server imap.gmail.com
INFO:root:Thu Jan 27 00:53:48 2022 imap.gmail.com connected
INFO:root:Thu Jan 27 00:53:49 2022
 Counter: 46 
 Errors: 1 
 Alarms: 0 

INFO:root:Thu Jan 27 00:53:51 2022 connect to server owa.medicina.ru
INFO:root:Thu Jan 27 00:53:51 2022owa.medicina.ru connected
INFO:root:Thu Jan 27 00:53:52 2022 message from maildeliverychecker@medicina.ru to for.test.mail.003@gmail.com sending!
INFO:root:Thu Jan 27 00:53:52 2022 connect to server smtp.gmail.com
INFO:root:Thu Jan 27 00:53:52 2022 smtp.gmail.com connected
INFO:root:Thu Jan 27 00:53:53 2022 message from for.test.mail.003@gmail.com to maildeliverychecker@medicina.ru sending!
INFO:root:Thu Jan 27 00:53:53 2022wait...
INFO:root:Thu Jan 27 01:03:53 2022unsleeping
INFO:root:Thu Jan 27 01:03:53 2022 connect to server owa.medicina.ru
INFO:root:Thu Jan 27 01:03:53 2022 Exchange connected
INFO:root:Thu Jan 27 01:03:53 2022 Message getting
INFO:root:Thu Jan 27 01:03:53 2022 Subject getting
INFO:root:Thu Jan 27 01:03:53 2022 connect to server imap.gmail.com
INFO:root:Thu Jan 27 01:03:54 2022 imap.gmail.com connected
INFO:root:Thu Jan 27 01:03:55 2022
 Counter: 47 
 Errors: 1 
 Alarms: 0 

INFO:root:Thu Jan 27 01:03:57 2022 connect to server owa.medicina.ru
INFO:root:Thu Jan 27 01:03:57 2022owa.medicina.ru connected
INFO:root:Thu Jan 27 01:03:58 2022 message from maildeliverychecker@medicina.ru to for.test.mail.003@gmail.com sending!
INFO:root:Thu Jan 27 01:03:58 2022 connect to server smtp.gmail.com
INFO:root:Thu Jan 27 01:03:58 2022 smtp.gmail.com connected
INFO:root:Thu Jan 27 01:03:59 2022 message from for.test.mail.003@gmail.com to maildeliverychecker@medicina.ru sending!
INFO:root:Thu Jan 27 01:03:59 2022wait...
INFO:root:Thu Jan 27 01:13:59 2022unsleeping
INFO:root:Thu Jan 27 01:13:59 2022 connect to server owa.medicina.ru
INFO:root:Thu Jan 27 01:13:59 2022 Exchange connected
INFO:root:Thu Jan 27 01:13:59 2022 Message getting
INFO:root:Thu Jan 27 01:13:59 2022 Subject getting
INFO:root:Thu Jan 27 01:13:59 2022 connect to server imap.gmail.com
INFO:root:Thu Jan 27 01:14:00 2022 imap.gmail.com connected
INFO:root:Thu Jan 27 01:14:01 2022
 Counter: 48 
 Errors: 1 
 Alarms: 0 

INFO:root:Thu Jan 27 01:14:02 2022 connect to server owa.medicina.ru
INFO:root:Thu Jan 27 01:14:02 2022owa.medicina.ru connected
INFO:root:Thu Jan 27 01:14:03 2022 message from maildeliverychecker@medicina.ru to for.test.mail.003@gmail.com sending!
INFO:root:Thu Jan 27 01:14:03 2022 connect to server smtp.gmail.com
INFO:root:Thu Jan 27 01:14:03 2022 smtp.gmail.com connected
INFO:root:Thu Jan 27 01:14:04 2022 message from for.test.mail.003@gmail.com to maildeliverychecker@medicina.ru sending!
INFO:root:Thu Jan 27 01:14:04 2022wait...
INFO:root:Thu Jan 27 01:24:04 2022unsleeping
INFO:root:Thu Jan 27 01:24:04 2022 connect to server owa.medicina.ru
INFO:root:Thu Jan 27 01:24:04 2022 Exchange connected
INFO:root:Thu Jan 27 01:24:04 2022 Message getting
INFO:root:Thu Jan 27 01:24:04 2022 Subject getting
INFO:root:Thu Jan 27 01:24:04 2022 connect to server imap.gmail.com
INFO:root:Thu Jan 27 01:24:05 2022 imap.gmail.com connected
INFO:root:Thu Jan 27 01:24:06 2022
 Counter: 49 
 Errors: 1 
 Alarms: 0 

INFO:root:Thu Jan 27 01:24:08 2022 connect to server owa.medicina.ru
INFO:root:Thu Jan 27 01:24:08 2022owa.medicina.ru connected
INFO:root:Thu Jan 27 01:24:08 2022 message from maildeliverychecker@medicina.ru to for.test.mail.003@gmail.com sending!
INFO:root:Thu Jan 27 01:24:09 2022 connect to server smtp.gmail.com
INFO:root:Thu Jan 27 01:24:09 2022 smtp.gmail.com connected
INFO:root:Thu Jan 27 01:24:09 2022 message from for.test.mail.003@gmail.com to maildeliverychecker@medicina.ru sending!
INFO:root:Thu Jan 27 01:24:09 2022wait...
INFO:root:Thu Jan 27 01:34:09 2022unsleeping
INFO:root:Thu Jan 27 01:34:09 2022 connect to server owa.medicina.ru
INFO:root:Thu Jan 27 01:34:09 2022 Exchange connected
INFO:root:Thu Jan 27 01:34:10 2022 Message getting
INFO:root:Thu Jan 27 01:34:11 2022 Subject getting
INFO:root:Thu Jan 27 01:34:11 2022 connect to server imap.gmail.com
INFO:root:Thu Jan 27 01:34:12 2022 imap.gmail.com connected
INFO:root:Thu Jan 27 01:34:12 2022
 Counter: 50 
 Errors: 1 
 Alarms: 0 

INFO:root:Thu Jan 27 01:34:15 2022 connect to server owa.medicina.ru
INFO:root:Thu Jan 27 01:34:15 2022owa.medicina.ru connected
INFO:root:Thu Jan 27 01:34:15 2022 message from maildeliverychecker@medicina.ru to for.test.mail.003@gmail.com sending!
INFO:root:Thu Jan 27 01:34:15 2022 connect to server smtp.gmail.com
INFO:root:Thu Jan 27 01:34:15 2022 smtp.gmail.com connected
INFO:root:Thu Jan 27 01:34:16 2022 message from for.test.mail.003@gmail.com to maildeliverychecker@medicina.ru sending!
INFO:root:Thu Jan 27 01:34:16 2022wait...
INFO:root:Thu Jan 27 01:44:16 2022unsleeping
INFO:root:Thu Jan 27 01:44:16 2022 connect to server owa.medicina.ru
INFO:root:Thu Jan 27 01:44:16 2022 Exchange connected
INFO:root:Thu Jan 27 01:44:16 2022 Message getting
INFO:root:Thu Jan 27 01:44:16 2022 Subject getting
INFO:root:Thu Jan 27 01:44:16 2022 connect to server imap.gmail.com
INFO:root:Thu Jan 27 01:44:17 2022 imap.gmail.com connected
INFO:root:Thu Jan 27 01:44:18 2022
 Counter: 51 
 Errors: 1 
 Alarms: 0 

INFO:root:Thu Jan 27 01:44:20 2022 connect to server owa.medicina.ru
INFO:root:Thu Jan 27 01:44:20 2022owa.medicina.ru connected
INFO:root:Thu Jan 27 01:44:21 2022 message from maildeliverychecker@medicina.ru to for.test.mail.003@gmail.com sending!
INFO:root:Thu Jan 27 01:44:21 2022 connect to server smtp.gmail.com
INFO:root:Thu Jan 27 01:44:21 2022 smtp.gmail.com connected
INFO:root:Thu Jan 27 01:44:22 2022 message from for.test.mail.003@gmail.com to maildeliverychecker@medicina.ru sending!
INFO:root:Thu Jan 27 01:44:22 2022wait...
INFO:root:Thu Jan 27 01:54:22 2022unsleeping
INFO:root:Thu Jan 27 01:54:22 2022 connect to server owa.medicina.ru
INFO:root:Thu Jan 27 01:54:22 2022 Exchange connected
INFO:root:Thu Jan 27 01:54:22 2022 Message getting
INFO:root:Thu Jan 27 01:54:22 2022 Subject getting
INFO:root:Thu Jan 27 01:54:22 2022 connect to server imap.gmail.com
INFO:root:Thu Jan 27 01:54:23 2022 imap.gmail.com connected
INFO:root:Thu Jan 27 01:54:24 2022
 Counter: 52 
 Errors: 1 
 Alarms: 0 

INFO:root:Thu Jan 27 01:54:26 2022 connect to server owa.medicina.ru
INFO:root:Thu Jan 27 01:54:26 2022owa.medicina.ru connected
INFO:root:Thu Jan 27 01:54:27 2022 message from maildeliverychecker@medicina.ru to for.test.mail.003@gmail.com sending!
INFO:root:Thu Jan 27 01:54:27 2022 connect to server smtp.gmail.com
INFO:root:Thu Jan 27 01:54:27 2022 smtp.gmail.com connected
INFO:root:Thu Jan 27 01:54:28 2022 message from for.test.mail.003@gmail.com to maildeliverychecker@medicina.ru sending!
INFO:root:Thu Jan 27 01:54:28 2022wait...
INFO:root:Thu Jan 27 02:04:28 2022unsleeping
INFO:root:Thu Jan 27 02:04:28 2022 connect to server owa.medicina.ru
INFO:root:Thu Jan 27 02:04:28 2022 Exchange connected
INFO:root:Thu Jan 27 02:04:28 2022 Message getting
INFO:root:Thu Jan 27 02:04:29 2022 Subject getting
INFO:root:Thu Jan 27 02:04:29 2022 connect to server imap.gmail.com
INFO:root:Thu Jan 27 02:04:30 2022 imap.gmail.com connected
INFO:root:Thu Jan 27 02:04:31 2022
 Counter: 53 
 Errors: 1 
 Alarms: 0 

INFO:root:Thu Jan 27 02:04:33 2022 connect to server owa.medicina.ru
INFO:root:Thu Jan 27 02:04:33 2022owa.medicina.ru connected
INFO:root:Thu Jan 27 02:04:33 2022 message from maildeliverychecker@medicina.ru to for.test.mail.003@gmail.com sending!
INFO:root:Thu Jan 27 02:04:33 2022 connect to server smtp.gmail.com
INFO:root:Thu Jan 27 02:04:33 2022 smtp.gmail.com connected
INFO:root:Thu Jan 27 02:04:34 2022 message from for.test.mail.003@gmail.com to maildeliverychecker@medicina.ru sending!
INFO:root:Thu Jan 27 02:04:34 2022wait...
INFO:root:Thu Jan 27 02:14:34 2022unsleeping
INFO:root:Thu Jan 27 02:14:34 2022 connect to server owa.medicina.ru
INFO:root:Thu Jan 27 02:14:34 2022 Exchange connected
INFO:root:Thu Jan 27 02:14:34 2022 Message getting
INFO:root:Thu Jan 27 02:14:35 2022 Subject getting
INFO:root:Thu Jan 27 02:14:35 2022 connect to server imap.gmail.com
INFO:root:Thu Jan 27 02:14:36 2022 imap.gmail.com connected
INFO:root:Thu Jan 27 02:14:36 2022
 Counter: 54 
 Errors: 1 
 Alarms: 0 

INFO:root:Thu Jan 27 02:14:38 2022 connect to server owa.medicina.ru
INFO:root:Thu Jan 27 02:14:38 2022owa.medicina.ru connected
INFO:root:Thu Jan 27 02:14:39 2022 message from maildeliverychecker@medicina.ru to for.test.mail.003@gmail.com sending!
INFO:root:Thu Jan 27 02:14:39 2022 connect to server smtp.gmail.com
INFO:root:Thu Jan 27 02:14:39 2022 smtp.gmail.com connected
INFO:root:Thu Jan 27 02:14:40 2022 message from for.test.mail.003@gmail.com to maildeliverychecker@medicina.ru sending!
INFO:root:Thu Jan 27 02:14:40 2022wait...
INFO:root:Thu Jan 27 02:24:40 2022unsleeping
INFO:root:Thu Jan 27 02:24:40 2022 connect to server owa.medicina.ru
INFO:root:Thu Jan 27 02:24:40 2022 Exchange connected
INFO:root:Thu Jan 27 02:24:40 2022 Message getting
INFO:root:Thu Jan 27 02:24:40 2022 Subject getting
INFO:root:Thu Jan 27 02:24:40 2022 connect to server imap.gmail.com
INFO:root:Thu Jan 27 02:24:41 2022 imap.gmail.com connected
INFO:root:Thu Jan 27 02:24:42 2022
 Counter: 55 
 Errors: 1 
 Alarms: 0 

INFO:root:Thu Jan 27 02:24:44 2022 connect to server owa.medicina.ru
INFO:root:Thu Jan 27 02:24:44 2022owa.medicina.ru connected
INFO:root:Thu Jan 27 02:24:44 2022 message from maildeliverychecker@medicina.ru to for.test.mail.003@gmail.com sending!
INFO:root:Thu Jan 27 02:24:44 2022 connect to server smtp.gmail.com
INFO:root:Thu Jan 27 02:24:44 2022 smtp.gmail.com connected
INFO:root:Thu Jan 27 02:24:45 2022 message from for.test.mail.003@gmail.com to maildeliverychecker@medicina.ru sending!
INFO:root:Thu Jan 27 02:24:45 2022wait...
INFO:root:Thu Jan 27 02:34:45 2022unsleeping
INFO:root:Thu Jan 27 02:34:45 2022 connect to server owa.medicina.ru
INFO:root:Thu Jan 27 02:34:45 2022 Exchange connected
INFO:root:Thu Jan 27 02:34:45 2022 Message getting
INFO:root:Thu Jan 27 02:34:45 2022 Subject getting
INFO:root:Thu Jan 27 02:34:45 2022 connect to server imap.gmail.com
INFO:root:Thu Jan 27 02:34:46 2022 imap.gmail.com connected
INFO:root:Thu Jan 27 02:34:47 2022
 Counter: 56 
 Errors: 1 
 Alarms: 0 

INFO:root:Thu Jan 27 02:34:49 2022 connect to server owa.medicina.ru
INFO:root:Thu Jan 27 02:34:49 2022owa.medicina.ru connected
INFO:root:Thu Jan 27 02:34:49 2022 message from maildeliverychecker@medicina.ru to for.test.mail.003@gmail.com sending!
INFO:root:Thu Jan 27 02:34:49 2022 connect to server smtp.gmail.com
INFO:root:Thu Jan 27 02:34:50 2022 smtp.gmail.com connected
INFO:root:Thu Jan 27 02:34:50 2022 message from for.test.mail.003@gmail.com to maildeliverychecker@medicina.ru sending!
INFO:root:Thu Jan 27 02:34:50 2022wait...
INFO:root:Thu Jan 27 02:44:50 2022unsleeping
INFO:root:Thu Jan 27 02:44:50 2022 connect to server owa.medicina.ru
INFO:root:Thu Jan 27 02:44:50 2022 Exchange connected
INFO:root:Thu Jan 27 02:44:51 2022 Message getting
INFO:root:Thu Jan 27 02:44:51 2022 Subject getting
INFO:root:Thu Jan 27 02:44:51 2022 connect to server imap.gmail.com
INFO:root:Thu Jan 27 02:44:52 2022 imap.gmail.com connected
INFO:root:Thu Jan 27 02:44:53 2022
 Counter: 57 
 Errors: 1 
 Alarms: 0 

INFO:root:Thu Jan 27 02:44:55 2022 connect to server owa.medicina.ru
INFO:root:Thu Jan 27 02:44:55 2022owa.medicina.ru connected
INFO:root:Thu Jan 27 02:44:55 2022 message from maildeliverychecker@medicina.ru to for.test.mail.003@gmail.com sending!
INFO:root:Thu Jan 27 02:44:55 2022 connect to server smtp.gmail.com
INFO:root:Thu Jan 27 02:44:56 2022 smtp.gmail.com connected
INFO:root:Thu Jan 27 02:44:56 2022 message from for.test.mail.003@gmail.com to maildeliverychecker@medicina.ru sending!
INFO:root:Thu Jan 27 02:44:56 2022wait...
INFO:root:Thu Jan 27 02:54:56 2022unsleeping
INFO:root:Thu Jan 27 02:54:56 2022 connect to server owa.medicina.ru
INFO:root:Thu Jan 27 02:54:56 2022 Exchange connected
INFO:root:Thu Jan 27 02:54:57 2022 Message getting
INFO:root:Thu Jan 27 02:54:57 2022 Subject getting
INFO:root:Thu Jan 27 02:54:57 2022 connect to server imap.gmail.com
INFO:root:Thu Jan 27 02:54:58 2022 imap.gmail.com connected
INFO:root:Thu Jan 27 02:54:59 2022
 Counter: 58 
 Errors: 1 
 Alarms: 0 

INFO:root:Thu Jan 27 02:55:01 2022 connect to server owa.medicina.ru
INFO:root:Thu Jan 27 02:55:01 2022owa.medicina.ru connected
INFO:root:Thu Jan 27 02:55:02 2022 message from maildeliverychecker@medicina.ru to for.test.mail.003@gmail.com sending!
INFO:root:Thu Jan 27 02:55:02 2022 connect to server smtp.gmail.com
INFO:root:Thu Jan 27 02:55:02 2022 smtp.gmail.com connected
INFO:root:Thu Jan 27 02:55:03 2022 message from for.test.mail.003@gmail.com to maildeliverychecker@medicina.ru sending!
INFO:root:Thu Jan 27 02:55:03 2022wait...
INFO:root:Thu Jan 27 03:05:03 2022unsleeping
INFO:root:Thu Jan 27 03:05:03 2022 connect to server owa.medicina.ru
INFO:root:Thu Jan 27 03:05:03 2022 Exchange connected
INFO:root:Thu Jan 27 03:05:03 2022 Message getting
INFO:root:Thu Jan 27 03:05:03 2022 Subject getting
INFO:root:Thu Jan 27 03:05:03 2022 connect to server imap.gmail.com
INFO:root:Thu Jan 27 03:05:04 2022 imap.gmail.com connected
INFO:root:Thu Jan 27 03:05:05 2022
 Counter: 59 
 Errors: 1 
 Alarms: 0 

INFO:root:Thu Jan 27 03:05:07 2022 connect to server owa.medicina.ru
INFO:root:Thu Jan 27 03:05:07 2022owa.medicina.ru connected
INFO:root:Thu Jan 27 03:05:08 2022 message from maildeliverychecker@medicina.ru to for.test.mail.003@gmail.com sending!
INFO:root:Thu Jan 27 03:05:08 2022 connect to server smtp.gmail.com
INFO:root:Thu Jan 27 03:05:08 2022 smtp.gmail.com connected
INFO:root:Thu Jan 27 03:05:09 2022 message from for.test.mail.003@gmail.com to maildeliverychecker@medicina.ru sending!
INFO:root:Thu Jan 27 03:05:09 2022wait...
INFO:root:Thu Jan 27 03:15:09 2022unsleeping
INFO:root:Thu Jan 27 03:15:09 2022 connect to server owa.medicina.ru
INFO:root:Thu Jan 27 03:15:09 2022 Exchange connected
INFO:root:Thu Jan 27 03:15:09 2022 Message getting
INFO:root:Thu Jan 27 03:15:09 2022 Subject getting
INFO:root:Thu Jan 27 03:15:09 2022 connect to server imap.gmail.com
INFO:root:Thu Jan 27 03:15:11 2022 imap.gmail.com connected
INFO:root:Thu Jan 27 03:15:12 2022
 Counter: 60 
 Errors: 1 
 Alarms: 0 

INFO:root:Thu Jan 27 03:15:14 2022 connect to server owa.medicina.ru
INFO:root:Thu Jan 27 03:15:14 2022owa.medicina.ru connected
INFO:root:Thu Jan 27 03:15:14 2022 message from maildeliverychecker@medicina.ru to for.test.mail.003@gmail.com sending!
INFO:root:Thu Jan 27 03:15:14 2022 connect to server smtp.gmail.com
INFO:root:Thu Jan 27 03:15:15 2022 smtp.gmail.com connected
INFO:root:Thu Jan 27 03:15:15 2022 message from for.test.mail.003@gmail.com to maildeliverychecker@medicina.ru sending!
INFO:root:Thu Jan 27 03:15:15 2022wait...
INFO:root:Thu Jan 27 03:25:15 2022unsleeping
INFO:root:Thu Jan 27 03:25:15 2022 connect to server owa.medicina.ru
INFO:root:Thu Jan 27 03:25:15 2022 Exchange connected
INFO:root:Thu Jan 27 03:25:16 2022 Message getting
INFO:root:Thu Jan 27 03:25:16 2022 Subject getting
INFO:root:Thu Jan 27 03:25:16 2022 connect to server imap.gmail.com
INFO:root:Thu Jan 27 03:25:17 2022 imap.gmail.com connected
INFO:root:Thu Jan 27 03:25:18 2022
 Counter: 61 
 Errors: 1 
 Alarms: 0 

INFO:root:Thu Jan 27 03:25:20 2022 connect to server owa.medicina.ru
INFO:root:Thu Jan 27 03:25:20 2022owa.medicina.ru connected
INFO:root:Thu Jan 27 03:25:20 2022 message from maildeliverychecker@medicina.ru to for.test.mail.003@gmail.com sending!
INFO:root:Thu Jan 27 03:25:20 2022 connect to server smtp.gmail.com
INFO:root:Thu Jan 27 03:25:20 2022 smtp.gmail.com connected
INFO:root:Thu Jan 27 03:25:21 2022 message from for.test.mail.003@gmail.com to maildeliverychecker@medicina.ru sending!
INFO:root:Thu Jan 27 03:25:21 2022wait...
INFO:root:Thu Jan 27 03:35:21 2022unsleeping
INFO:root:Thu Jan 27 03:35:21 2022 connect to server owa.medicina.ru
INFO:root:Thu Jan 27 03:35:21 2022 Exchange connected
INFO:root:Thu Jan 27 03:35:21 2022 Message getting
INFO:root:Thu Jan 27 03:35:21 2022 Subject getting
INFO:root:Thu Jan 27 03:35:21 2022 connect to server imap.gmail.com
INFO:root:Thu Jan 27 03:35:23 2022 imap.gmail.com connected
INFO:root:Thu Jan 27 03:35:23 2022
 Counter: 62 
 Errors: 1 
 Alarms: 0 

INFO:root:Thu Jan 27 03:35:25 2022 connect to server owa.medicina.ru
INFO:root:Thu Jan 27 03:35:25 2022owa.medicina.ru connected
INFO:root:Thu Jan 27 03:35:25 2022 message from maildeliverychecker@medicina.ru to for.test.mail.003@gmail.com sending!
INFO:root:Thu Jan 27 03:35:25 2022 connect to server smtp.gmail.com
INFO:root:Thu Jan 27 03:35:26 2022 smtp.gmail.com connected
INFO:root:Thu Jan 27 03:35:26 2022 message from for.test.mail.003@gmail.com to maildeliverychecker@medicina.ru sending!
INFO:root:Thu Jan 27 03:35:26 2022wait...
INFO:root:Thu Jan 27 03:45:26 2022unsleeping
INFO:root:Thu Jan 27 03:45:26 2022 connect to server owa.medicina.ru
INFO:root:Thu Jan 27 03:45:26 2022 Exchange connected
INFO:root:Thu Jan 27 03:45:27 2022 Message getting
INFO:root:Thu Jan 27 03:45:27 2022 Subject getting
INFO:root:Thu Jan 27 03:45:27 2022 connect to server imap.gmail.com
INFO:root:Thu Jan 27 03:45:28 2022 imap.gmail.com connected
INFO:root:Thu Jan 27 03:45:29 2022
 Counter: 63 
 Errors: 1 
 Alarms: 0 

INFO:root:Thu Jan 27 03:45:31 2022 connect to server owa.medicina.ru
INFO:root:Thu Jan 27 03:45:31 2022owa.medicina.ru connected
INFO:root:Thu Jan 27 03:45:31 2022 message from maildeliverychecker@medicina.ru to for.test.mail.003@gmail.com sending!
INFO:root:Thu Jan 27 03:45:31 2022 connect to server smtp.gmail.com
INFO:root:Thu Jan 27 03:45:32 2022 smtp.gmail.com connected
INFO:root:Thu Jan 27 03:45:32 2022 message from for.test.mail.003@gmail.com to maildeliverychecker@medicina.ru sending!
INFO:root:Thu Jan 27 03:45:32 2022wait...
INFO:root:Thu Jan 27 03:55:32 2022unsleeping
INFO:root:Thu Jan 27 03:55:32 2022 connect to server owa.medicina.ru
INFO:root:Thu Jan 27 03:55:32 2022 Exchange connected
INFO:root:Thu Jan 27 03:55:33 2022 Message getting
INFO:root:Thu Jan 27 03:55:33 2022 Subject getting
INFO:root:Thu Jan 27 03:55:33 2022 connect to server imap.gmail.com
INFO:root:Thu Jan 27 03:55:34 2022 imap.gmail.com connected
INFO:root:Thu Jan 27 03:55:35 2022
 Counter: 64 
 Errors: 1 
 Alarms: 0 

INFO:root:Thu Jan 27 03:55:36 2022 connect to server owa.medicina.ru
INFO:root:Thu Jan 27 03:55:36 2022owa.medicina.ru connected
INFO:root:Thu Jan 27 03:55:37 2022 message from maildeliverychecker@medicina.ru to for.test.mail.003@gmail.com sending!
INFO:root:Thu Jan 27 03:55:37 2022 connect to server smtp.gmail.com
INFO:root:Thu Jan 27 03:55:37 2022 smtp.gmail.com connected
INFO:root:Thu Jan 27 03:55:38 2022 message from for.test.mail.003@gmail.com to maildeliverychecker@medicina.ru sending!
INFO:root:Thu Jan 27 03:55:38 2022wait...
INFO:root:Thu Jan 27 04:05:38 2022unsleeping
INFO:root:Thu Jan 27 04:05:38 2022 connect to server owa.medicina.ru
INFO:root:Thu Jan 27 04:05:38 2022 Exchange connected
INFO:root:Thu Jan 27 04:05:38 2022 Message getting
INFO:root:Thu Jan 27 04:05:38 2022 Subject getting
INFO:root:Thu Jan 27 04:05:38 2022 connect to server imap.gmail.com
INFO:root:Thu Jan 27 04:05:39 2022 imap.gmail.com connected
INFO:root:Thu Jan 27 04:05:40 2022
 Counter: 65 
 Errors: 1 
 Alarms: 0 

INFO:root:Thu Jan 27 04:05:42 2022 connect to server owa.medicina.ru
INFO:root:Thu Jan 27 04:05:42 2022owa.medicina.ru connected
INFO:root:Thu Jan 27 04:05:43 2022 message from maildeliverychecker@medicina.ru to for.test.mail.003@gmail.com sending!
INFO:root:Thu Jan 27 04:05:43 2022 connect to server smtp.gmail.com
INFO:root:Thu Jan 27 04:05:43 2022 smtp.gmail.com connected
INFO:root:Thu Jan 27 04:05:44 2022 message from for.test.mail.003@gmail.com to maildeliverychecker@medicina.ru sending!
INFO:root:Thu Jan 27 04:05:44 2022wait...
INFO:root:Thu Jan 27 04:15:44 2022unsleeping
INFO:root:Thu Jan 27 04:15:44 2022 connect to server owa.medicina.ru
INFO:root:Thu Jan 27 04:15:44 2022 Exchange connected
INFO:root:Thu Jan 27 04:15:44 2022 Message getting
INFO:root:Thu Jan 27 04:15:44 2022 Subject getting
INFO:root:Thu Jan 27 04:15:44 2022 connect to server imap.gmail.com
INFO:root:Thu Jan 27 04:15:45 2022 imap.gmail.com connected
INFO:root:Thu Jan 27 04:15:46 2022
 Counter: 66 
 Errors: 1 
 Alarms: 0 

INFO:root:Thu Jan 27 04:15:48 2022 connect to server owa.medicina.ru
INFO:root:Thu Jan 27 04:15:48 2022owa.medicina.ru connected
INFO:root:Thu Jan 27 04:15:48 2022 message from maildeliverychecker@medicina.ru to for.test.mail.003@gmail.com sending!
INFO:root:Thu Jan 27 04:15:48 2022 connect to server smtp.gmail.com
INFO:root:Thu Jan 27 04:15:49 2022 smtp.gmail.com connected
INFO:root:Thu Jan 27 04:15:49 2022 message from for.test.mail.003@gmail.com to maildeliverychecker@medicina.ru sending!
INFO:root:Thu Jan 27 04:15:49 2022wait...
INFO:root:Thu Jan 27 04:25:49 2022unsleeping
INFO:root:Thu Jan 27 04:25:49 2022 connect to server owa.medicina.ru
INFO:root:Thu Jan 27 04:25:49 2022 Exchange connected
INFO:root:Thu Jan 27 04:25:49 2022 Message getting
INFO:root:Thu Jan 27 04:25:50 2022 Subject getting
INFO:root:Thu Jan 27 04:25:50 2022 connect to server imap.gmail.com
INFO:root:Thu Jan 27 04:25:51 2022 imap.gmail.com connected
INFO:root:Thu Jan 27 04:25:52 2022
 Counter: 67 
 Errors: 1 
 Alarms: 0 

INFO:root:Thu Jan 27 04:25:53 2022 connect to server owa.medicina.ru
INFO:root:Thu Jan 27 04:25:53 2022owa.medicina.ru connected
INFO:root:Thu Jan 27 04:25:53 2022 message from maildeliverychecker@medicina.ru to for.test.mail.003@gmail.com sending!
INFO:root:Thu Jan 27 04:25:54 2022 connect to server smtp.gmail.com
INFO:root:Thu Jan 27 04:25:54 2022 smtp.gmail.com connected
INFO:root:Thu Jan 27 04:25:54 2022 message from for.test.mail.003@gmail.com to maildeliverychecker@medicina.ru sending!
INFO:root:Thu Jan 27 04:25:54 2022wait...
INFO:root:Thu Jan 27 04:35:54 2022unsleeping
INFO:root:Thu Jan 27 04:35:54 2022 connect to server owa.medicina.ru
INFO:root:Thu Jan 27 04:35:54 2022 Exchange connected
INFO:root:Thu Jan 27 04:35:55 2022 Message getting
INFO:root:Thu Jan 27 04:35:55 2022 Subject getting
INFO:root:Thu Jan 27 04:35:55 2022 connect to server imap.gmail.com
INFO:root:Thu Jan 27 04:35:56 2022 imap.gmail.com connected
INFO:root:Thu Jan 27 04:35:57 2022
 Counter: 68 
 Errors: 1 
 Alarms: 0 

INFO:root:Thu Jan 27 04:35:59 2022 connect to server owa.medicina.ru
INFO:root:Thu Jan 27 04:35:59 2022owa.medicina.ru connected
INFO:root:Thu Jan 27 04:35:59 2022 message from maildeliverychecker@medicina.ru to for.test.mail.003@gmail.com sending!
INFO:root:Thu Jan 27 04:35:59 2022 connect to server smtp.gmail.com
INFO:root:Thu Jan 27 04:36:00 2022 smtp.gmail.com connected
INFO:root:Thu Jan 27 04:36:00 2022 message from for.test.mail.003@gmail.com to maildeliverychecker@medicina.ru sending!
INFO:root:Thu Jan 27 04:36:00 2022wait...
INFO:root:Thu Jan 27 04:46:00 2022unsleeping
INFO:root:Thu Jan 27 04:46:00 2022 connect to server owa.medicina.ru
INFO:root:Thu Jan 27 04:46:00 2022 Exchange connected
INFO:root:Thu Jan 27 04:46:01 2022 Message getting
INFO:root:Thu Jan 27 04:46:02 2022 Subject getting
INFO:root:Thu Jan 27 04:46:02 2022 connect to server imap.gmail.com
INFO:root:Thu Jan 27 04:46:03 2022 imap.gmail.com connected
INFO:root:Thu Jan 27 04:46:04 2022
 Counter: 69 
 Errors: 1 
 Alarms: 0 

INFO:root:Thu Jan 27 04:46:06 2022 connect to server owa.medicina.ru
INFO:root:Thu Jan 27 04:46:06 2022owa.medicina.ru connected
INFO:root:Thu Jan 27 04:46:07 2022 message from maildeliverychecker@medicina.ru to for.test.mail.003@gmail.com sending!
INFO:root:Thu Jan 27 04:46:07 2022 connect to server smtp.gmail.com
INFO:root:Thu Jan 27 04:46:07 2022 smtp.gmail.com connected
INFO:root:Thu Jan 27 04:46:08 2022 message from for.test.mail.003@gmail.com to maildeliverychecker@medicina.ru sending!
INFO:root:Thu Jan 27 04:46:08 2022wait...
INFO:root:Thu Jan 27 04:56:08 2022unsleeping
INFO:root:Thu Jan 27 04:56:08 2022 connect to server owa.medicina.ru
INFO:root:Thu Jan 27 04:56:08 2022 Exchange connected
INFO:root:Thu Jan 27 04:56:08 2022 Message getting
INFO:root:Thu Jan 27 04:56:08 2022 Subject getting
INFO:root:Thu Jan 27 04:56:08 2022 connect to server imap.gmail.com
INFO:root:Thu Jan 27 04:56:09 2022 imap.gmail.com connected
INFO:root:Thu Jan 27 04:56:10 2022
 Counter: 70 
 Errors: 1 
 Alarms: 0 

INFO:root:Thu Jan 27 04:56:12 2022 connect to server owa.medicina.ru
INFO:root:Thu Jan 27 04:56:12 2022owa.medicina.ru connected
INFO:root:Thu Jan 27 04:56:12 2022 message from maildeliverychecker@medicina.ru to for.test.mail.003@gmail.com sending!
INFO:root:Thu Jan 27 04:56:12 2022 connect to server smtp.gmail.com
INFO:root:Thu Jan 27 04:56:13 2022 smtp.gmail.com connected
INFO:root:Thu Jan 27 04:56:13 2022 message from for.test.mail.003@gmail.com to maildeliverychecker@medicina.ru sending!
INFO:root:Thu Jan 27 04:56:13 2022wait...
INFO:root:Thu Jan 27 05:06:13 2022unsleeping
INFO:root:Thu Jan 27 05:06:13 2022 connect to server owa.medicina.ru
INFO:root:Thu Jan 27 05:06:13 2022 Exchange connected
INFO:root:Thu Jan 27 05:06:14 2022 Message getting
INFO:root:Thu Jan 27 05:06:14 2022 Subject getting
INFO:root:Thu Jan 27 05:06:14 2022 connect to server imap.gmail.com
INFO:root:Thu Jan 27 05:06:15 2022 imap.gmail.com connected
INFO:root:Thu Jan 27 05:06:16 2022
 Counter: 71 
 Errors: 1 
 Alarms: 0 

INFO:root:Thu Jan 27 05:06:18 2022 connect to server owa.medicina.ru
INFO:root:Thu Jan 27 05:06:18 2022owa.medicina.ru connected
INFO:root:Thu Jan 27 05:06:18 2022 message from maildeliverychecker@medicina.ru to for.test.mail.003@gmail.com sending!
INFO:root:Thu Jan 27 05:06:18 2022 connect to server smtp.gmail.com
INFO:root:Thu Jan 27 05:06:18 2022 smtp.gmail.com connected
INFO:root:Thu Jan 27 05:06:19 2022 message from for.test.mail.003@gmail.com to maildeliverychecker@medicina.ru sending!
INFO:root:Thu Jan 27 05:06:19 2022wait...
INFO:root:Thu Jan 27 05:16:19 2022unsleeping
INFO:root:Thu Jan 27 05:16:19 2022 connect to server owa.medicina.ru
INFO:root:Thu Jan 27 05:16:19 2022 Exchange connected
INFO:root:Thu Jan 27 05:16:19 2022 Message getting
INFO:root:Thu Jan 27 05:16:19 2022 Subject getting
INFO:root:Thu Jan 27 05:16:19 2022 connect to server imap.gmail.com
INFO:root:Thu Jan 27 05:16:20 2022 imap.gmail.com connected
INFO:root:Thu Jan 27 05:16:21 2022
 Counter: 72 
 Errors: 1 
 Alarms: 0 

INFO:root:Thu Jan 27 05:16:23 2022 connect to server owa.medicina.ru
INFO:root:Thu Jan 27 05:16:23 2022owa.medicina.ru connected
INFO:root:Thu Jan 27 05:16:23 2022 message from maildeliverychecker@medicina.ru to for.test.mail.003@gmail.com sending!
INFO:root:Thu Jan 27 05:16:24 2022 connect to server smtp.gmail.com
INFO:root:Thu Jan 27 05:16:24 2022 smtp.gmail.com connected
INFO:root:Thu Jan 27 05:16:24 2022 message from for.test.mail.003@gmail.com to maildeliverychecker@medicina.ru sending!
INFO:root:Thu Jan 27 05:16:24 2022wait...
INFO:root:Thu Jan 27 05:26:24 2022unsleeping
INFO:root:Thu Jan 27 05:26:24 2022 connect to server owa.medicina.ru
INFO:root:Thu Jan 27 05:26:24 2022 Exchange connected
INFO:root:Thu Jan 27 05:26:25 2022 Message getting
INFO:root:Thu Jan 27 05:26:25 2022 Subject getting
INFO:root:Thu Jan 27 05:26:25 2022 connect to server imap.gmail.com
INFO:root:Thu Jan 27 05:26:26 2022 imap.gmail.com connected
INFO:root:Thu Jan 27 05:26:27 2022
 Counter: 73 
 Errors: 1 
 Alarms: 0 

INFO:root:Thu Jan 27 05:26:29 2022 connect to server owa.medicina.ru
INFO:root:Thu Jan 27 05:26:29 2022owa.medicina.ru connected
INFO:root:Thu Jan 27 05:26:29 2022 message from maildeliverychecker@medicina.ru to for.test.mail.003@gmail.com sending!
INFO:root:Thu Jan 27 05:26:29 2022 connect to server smtp.gmail.com
INFO:root:Thu Jan 27 05:26:29 2022 smtp.gmail.com connected
INFO:root:Thu Jan 27 05:26:30 2022 message from for.test.mail.003@gmail.com to maildeliverychecker@medicina.ru sending!
INFO:root:Thu Jan 27 05:26:30 2022wait...
INFO:root:Thu Jan 27 05:36:30 2022unsleeping
INFO:root:Thu Jan 27 05:36:30 2022 connect to server owa.medicina.ru
INFO:root:Thu Jan 27 05:36:30 2022 Exchange connected
WARNING:exchangelib.services.common:Account maildeliverychecker@medicina.ru: Exception in _get_elements: Traceback (most recent call last):
  File "C:\Users\sorokin.k\PycharmProjects\mailCheckerExchange\venv\lib\site-packages\cached_property.py", line 70, in __get__
    return obj_dict[name]
KeyError: 'inbox'

During handling of the above exception, another exception occurred:

Traceback (most recent call last):
  File "C:\Users\sorokin.k\PycharmProjects\mailCheckerExchange\venv\lib\site-packages\cached_property.py", line 70, in __get__
    return obj_dict[name]
KeyError: 'root'

During handling of the above exception, another exception occurred:

Traceback (most recent call last):
  File "C:\Users\sorokin.k\PycharmProjects\mailCheckerExchange\venv\lib\site-packages\exchangelib\services\common.py", line 246, in _get_elements
    yield from self._response_generator(payload=payload)
  File "C:\Users\sorokin.k\PycharmProjects\mailCheckerExchange\venv\lib\site-packages\exchangelib\services\common.py", line 208, in _response_generator
    response = self._get_response_xml(payload=payload)
  File "C:\Users\sorokin.k\PycharmProjects\mailCheckerExchange\venv\lib\site-packages\exchangelib\services\common.py", line 332, in _get_response_xml
    r = self._get_response(payload=payload, api_version=api_version)
  File "C:\Users\sorokin.k\PycharmProjects\mailCheckerExchange\venv\lib\site-packages\exchangelib\services\common.py", line 286, in _get_response
    r, session = post_ratelimited(
  File "C:\Users\sorokin.k\PycharmProjects\mailCheckerExchange\venv\lib\site-packages\exchangelib\util.py", line 884, in post_ratelimited
    protocol.retry_policy.raise_response_errors(r)  # Always raises an exception
  File "C:\Users\sorokin.k\PycharmProjects\mailCheckerExchange\venv\lib\site-packages\exchangelib\protocol.py", line 658, in raise_response_errors
    raise response.headers['TimeoutException']
  File "C:\Users\sorokin.k\PycharmProjects\mailCheckerExchange\venv\lib\site-packages\exchangelib\util.py", line 817, in post_ratelimited
    r = session.post(url=url, headers=headers, data=data, allow_redirects=False, timeout=timeout,
  File "C:\Users\sorokin.k\PycharmProjects\mailCheckerExchange\venv\lib\site-packages\requests\sessions.py", line 577, in post
    return self.request('POST', url, data=data, json=json, **kwargs)
  File "C:\Users\sorokin.k\PycharmProjects\mailCheckerExchange\venv\lib\site-packages\requests\sessions.py", line 529, in request
    resp = self.send(prep, **send_kwargs)
  File "C:\Users\sorokin.k\PycharmProjects\mailCheckerExchange\venv\lib\site-packages\requests\sessions.py", line 645, in send
    r = adapter.send(request, **kwargs)
  File "C:\Users\sorokin.k\PycharmProjects\mailCheckerExchange\venv\lib\site-packages\requests\adapters.py", line 501, in send
    raise ConnectionError(err, request=request)
requests.exceptions.ConnectionError: ('Connection aborted.', RemoteDisconnected('Remote end closed connection without response'))

ERROR:root:Thu Jan 27 05:36:30 2022 IMAP_EXCHANGE_ERROR: ('Connection aborted.', RemoteDisconnected('Remote end closed connection without response'))
INFO:root:Thu Jan 27 05:38:30 2022 connect to server owa.medicina.ru
INFO:root:Thu Jan 27 05:38:30 2022 Exchange connected
INFO:root:Thu Jan 27 05:38:31 2022 Message getting
INFO:root:Thu Jan 27 05:38:31 2022 Subject getting
INFO:root:Thu Jan 27 05:38:31 2022 connect to server imap.gmail.com
INFO:root:Thu Jan 27 05:38:32 2022 imap.gmail.com connected
INFO:root:Thu Jan 27 05:38:33 2022
 Counter: 74 
 Errors: 2 
 Alarms: 0 

INFO:root:Thu Jan 27 05:38:35 2022 connect to server owa.medicina.ru
INFO:root:Thu Jan 27 05:38:35 2022owa.medicina.ru connected
INFO:root:Thu Jan 27 05:38:36 2022 message from maildeliverychecker@medicina.ru to for.test.mail.003@gmail.com sending!
INFO:root:Thu Jan 27 05:38:36 2022 connect to server smtp.gmail.com
INFO:root:Thu Jan 27 05:38:36 2022 smtp.gmail.com connected
INFO:root:Thu Jan 27 05:38:37 2022 message from for.test.mail.003@gmail.com to maildeliverychecker@medicina.ru sending!
INFO:root:Thu Jan 27 05:38:37 2022wait...
INFO:root:Thu Jan 27 05:48:37 2022unsleeping
INFO:root:Thu Jan 27 05:48:37 2022 connect to server owa.medicina.ru
INFO:root:Thu Jan 27 05:48:37 2022 Exchange connected
INFO:root:Thu Jan 27 05:48:37 2022 Message getting
INFO:root:Thu Jan 27 05:48:37 2022 Subject getting
INFO:root:Thu Jan 27 05:48:37 2022 connect to server imap.gmail.com
INFO:root:Thu Jan 27 05:48:38 2022 imap.gmail.com connected
INFO:root:Thu Jan 27 05:48:39 2022
 Counter: 75 
 Errors: 2 
 Alarms: 0 

INFO:root:Thu Jan 27 05:48:41 2022 connect to server owa.medicina.ru
INFO:root:Thu Jan 27 05:48:41 2022owa.medicina.ru connected
INFO:root:Thu Jan 27 05:48:41 2022 message from maildeliverychecker@medicina.ru to for.test.mail.003@gmail.com sending!
INFO:root:Thu Jan 27 05:48:41 2022 connect to server smtp.gmail.com
INFO:root:Thu Jan 27 05:48:42 2022 smtp.gmail.com connected
INFO:root:Thu Jan 27 05:48:42 2022 message from for.test.mail.003@gmail.com to maildeliverychecker@medicina.ru sending!
INFO:root:Thu Jan 27 05:48:42 2022wait...
INFO:root:Thu Jan 27 05:58:42 2022unsleeping
INFO:root:Thu Jan 27 05:58:42 2022 connect to server owa.medicina.ru
INFO:root:Thu Jan 27 05:58:42 2022 Exchange connected
INFO:root:Thu Jan 27 05:58:43 2022 Message getting
INFO:root:Thu Jan 27 05:58:43 2022 Subject getting
INFO:root:Thu Jan 27 05:58:43 2022 connect to server imap.gmail.com
INFO:root:Thu Jan 27 05:58:44 2022 imap.gmail.com connected
INFO:root:Thu Jan 27 05:58:45 2022
 Counter: 76 
 Errors: 2 
 Alarms: 0 

INFO:root:Thu Jan 27 05:58:47 2022 connect to server owa.medicina.ru
INFO:root:Thu Jan 27 05:58:47 2022owa.medicina.ru connected
INFO:root:Thu Jan 27 05:58:48 2022 message from maildeliverychecker@medicina.ru to for.test.mail.003@gmail.com sending!
INFO:root:Thu Jan 27 05:58:48 2022 connect to server smtp.gmail.com
INFO:root:Thu Jan 27 05:58:48 2022 smtp.gmail.com connected
INFO:root:Thu Jan 27 05:58:49 2022 message from for.test.mail.003@gmail.com to maildeliverychecker@medicina.ru sending!
INFO:root:Thu Jan 27 05:58:49 2022wait...
INFO:root:Thu Jan 27 06:08:49 2022unsleeping
INFO:root:Thu Jan 27 06:08:49 2022 connect to server owa.medicina.ru
INFO:root:Thu Jan 27 06:08:49 2022 Exchange connected
INFO:root:Thu Jan 27 06:08:49 2022 Message getting
INFO:root:Thu Jan 27 06:08:49 2022 Subject getting
INFO:root:Thu Jan 27 06:08:49 2022 connect to server imap.gmail.com
INFO:root:Thu Jan 27 06:08:50 2022 imap.gmail.com connected
INFO:root:Thu Jan 27 06:08:51 2022
 Counter: 77 
 Errors: 2 
 Alarms: 0 

INFO:root:Thu Jan 27 06:08:53 2022 connect to server owa.medicina.ru
INFO:root:Thu Jan 27 06:08:53 2022owa.medicina.ru connected
INFO:root:Thu Jan 27 06:08:53 2022 message from maildeliverychecker@medicina.ru to for.test.mail.003@gmail.com sending!
INFO:root:Thu Jan 27 06:08:53 2022 connect to server smtp.gmail.com
INFO:root:Thu Jan 27 06:08:53 2022 smtp.gmail.com connected
INFO:root:Thu Jan 27 06:08:54 2022 message from for.test.mail.003@gmail.com to maildeliverychecker@medicina.ru sending!
INFO:root:Thu Jan 27 06:08:54 2022wait...
INFO:root:Thu Jan 27 06:18:54 2022unsleeping
INFO:root:Thu Jan 27 06:18:54 2022 connect to server owa.medicina.ru
INFO:root:Thu Jan 27 06:18:54 2022 Exchange connected
INFO:root:Thu Jan 27 06:18:54 2022 Message getting
INFO:root:Thu Jan 27 06:18:54 2022 Subject getting
INFO:root:Thu Jan 27 06:18:54 2022 connect to server imap.gmail.com
INFO:root:Thu Jan 27 06:18:55 2022 imap.gmail.com connected
INFO:root:Thu Jan 27 06:18:56 2022
 Counter: 78 
 Errors: 2 
 Alarms: 0 

INFO:root:Thu Jan 27 06:18:58 2022 connect to server owa.medicina.ru
INFO:root:Thu Jan 27 06:18:58 2022owa.medicina.ru connected
INFO:root:Thu Jan 27 06:18:59 2022 message from maildeliverychecker@medicina.ru to for.test.mail.003@gmail.com sending!
INFO:root:Thu Jan 27 06:18:59 2022 connect to server smtp.gmail.com
INFO:root:Thu Jan 27 06:18:59 2022 smtp.gmail.com connected
INFO:root:Thu Jan 27 06:19:00 2022 message from for.test.mail.003@gmail.com to maildeliverychecker@medicina.ru sending!
INFO:root:Thu Jan 27 06:19:00 2022wait...
INFO:root:Thu Jan 27 06:29:00 2022unsleeping
INFO:root:Thu Jan 27 06:29:00 2022 connect to server owa.medicina.ru
INFO:root:Thu Jan 27 06:29:00 2022 Exchange connected
INFO:root:Thu Jan 27 06:29:00 2022 Message getting
INFO:root:Thu Jan 27 06:29:00 2022 Subject getting
INFO:root:Thu Jan 27 06:29:00 2022 connect to server imap.gmail.com
INFO:root:Thu Jan 27 06:29:02 2022 imap.gmail.com connected
INFO:root:Thu Jan 27 06:29:03 2022
 Counter: 79 
 Errors: 2 
 Alarms: 0 

INFO:root:Thu Jan 27 06:29:05 2022 connect to server owa.medicina.ru
INFO:root:Thu Jan 27 06:29:05 2022owa.medicina.ru connected
INFO:root:Thu Jan 27 06:29:05 2022 message from maildeliverychecker@medicina.ru to for.test.mail.003@gmail.com sending!
INFO:root:Thu Jan 27 06:29:05 2022 connect to server smtp.gmail.com
INFO:root:Thu Jan 27 06:29:05 2022 smtp.gmail.com connected
INFO:root:Thu Jan 27 06:29:06 2022 message from for.test.mail.003@gmail.com to maildeliverychecker@medicina.ru sending!
INFO:root:Thu Jan 27 06:29:06 2022wait...
INFO:root:Thu Jan 27 06:39:06 2022unsleeping
INFO:root:Thu Jan 27 06:39:06 2022 connect to server owa.medicina.ru
INFO:root:Thu Jan 27 06:39:06 2022 Exchange connected
INFO:root:Thu Jan 27 06:39:06 2022 Message getting
INFO:root:Thu Jan 27 06:39:07 2022 Subject getting
INFO:root:Thu Jan 27 06:39:07 2022 connect to server imap.gmail.com
INFO:root:Thu Jan 27 06:39:08 2022 imap.gmail.com connected
INFO:root:Thu Jan 27 06:39:09 2022
 Counter: 80 
 Errors: 2 
 Alarms: 0 

INFO:root:Thu Jan 27 06:39:11 2022 connect to server owa.medicina.ru
INFO:root:Thu Jan 27 06:39:11 2022owa.medicina.ru connected
INFO:root:Thu Jan 27 06:39:12 2022 message from maildeliverychecker@medicina.ru to for.test.mail.003@gmail.com sending!
INFO:root:Thu Jan 27 06:39:12 2022 connect to server smtp.gmail.com
INFO:root:Thu Jan 27 06:39:12 2022 smtp.gmail.com connected
INFO:root:Thu Jan 27 06:39:13 2022 message from for.test.mail.003@gmail.com to maildeliverychecker@medicina.ru sending!
INFO:root:Thu Jan 27 06:39:13 2022wait...
INFO:root:Thu Jan 27 06:49:13 2022unsleeping
INFO:root:Thu Jan 27 06:49:13 2022 connect to server owa.medicina.ru
INFO:root:Thu Jan 27 06:49:13 2022 Exchange connected
INFO:root:Thu Jan 27 06:49:13 2022 Message getting
INFO:root:Thu Jan 27 06:49:13 2022 Subject getting
INFO:root:Thu Jan 27 06:49:13 2022 connect to server imap.gmail.com
INFO:root:Thu Jan 27 06:49:14 2022 imap.gmail.com connected
INFO:root:Thu Jan 27 06:49:15 2022
 Counter: 81 
 Errors: 2 
 Alarms: 0 

INFO:root:Thu Jan 27 06:49:17 2022 connect to server owa.medicina.ru
INFO:root:Thu Jan 27 06:49:17 2022owa.medicina.ru connected
INFO:root:Thu Jan 27 06:49:18 2022 message from maildeliverychecker@medicina.ru to for.test.mail.003@gmail.com sending!
INFO:root:Thu Jan 27 06:49:18 2022 connect to server smtp.gmail.com
INFO:root:Thu Jan 27 06:49:18 2022 smtp.gmail.com connected
INFO:root:Thu Jan 27 06:49:19 2022 message from for.test.mail.003@gmail.com to maildeliverychecker@medicina.ru sending!
INFO:root:Thu Jan 27 06:49:19 2022wait...
INFO:root:Thu Jan 27 06:59:19 2022unsleeping
INFO:root:Thu Jan 27 06:59:19 2022 connect to server owa.medicina.ru
INFO:root:Thu Jan 27 06:59:19 2022 Exchange connected
INFO:root:Thu Jan 27 06:59:19 2022 Message getting
INFO:root:Thu Jan 27 06:59:19 2022 Subject getting
INFO:root:Thu Jan 27 06:59:19 2022 connect to server imap.gmail.com
ERROR:root:Thu Jan 27 06:59:41 2022 IMAP ERRORS: command: LOGIN => socket error: EOF
INFO:root:Thu Jan 27 06:59:41 2022
 Counter: 82 
 Errors: 3 
 Alarms: 0 

INFO:root:Thu Jan 27 06:59:43 2022 connect to server owa.medicina.ru
INFO:root:Thu Jan 27 06:59:43 2022owa.medicina.ru connected
INFO:root:Thu Jan 27 06:59:44 2022 message from maildeliverychecker@medicina.ru to for.test.mail.003@gmail.com sending!
INFO:root:Thu Jan 27 06:59:44 2022 connect to server smtp.gmail.com
INFO:root:Thu Jan 27 06:59:44 2022 smtp.gmail.com connected
INFO:root:Thu Jan 27 06:59:45 2022 message from for.test.mail.003@gmail.com to maildeliverychecker@medicina.ru sending!
INFO:root:Thu Jan 27 06:59:45 2022wait...
INFO:root:Thu Jan 27 07:09:45 2022unsleeping
INFO:root:Thu Jan 27 07:09:45 2022 connect to server owa.medicina.ru
INFO:root:Thu Jan 27 07:09:45 2022 Exchange connected
INFO:root:Thu Jan 27 07:09:45 2022 Message getting
INFO:root:Thu Jan 27 07:09:45 2022 Subject getting
INFO:root:Thu Jan 27 07:09:45 2022 connect to server imap.gmail.com
INFO:root:Thu Jan 27 07:09:46 2022 imap.gmail.com connected
INFO:root:Thu Jan 27 07:09:47 2022
 Counter: 83 
 Errors: 3 
 Alarms: 0 

INFO:root:Thu Jan 27 07:09:49 2022 connect to server owa.medicina.ru
INFO:root:Thu Jan 27 07:09:49 2022owa.medicina.ru connected
INFO:root:Thu Jan 27 07:09:50 2022 message from maildeliverychecker@medicina.ru to for.test.mail.003@gmail.com sending!
INFO:root:Thu Jan 27 07:09:50 2022 connect to server smtp.gmail.com
INFO:root:Thu Jan 27 07:09:50 2022 smtp.gmail.com connected
INFO:root:Thu Jan 27 07:09:51 2022 message from for.test.mail.003@gmail.com to maildeliverychecker@medicina.ru sending!
INFO:root:Thu Jan 27 07:09:51 2022wait...
INFO:root:Thu Jan 27 07:19:51 2022unsleeping
INFO:root:Thu Jan 27 07:19:51 2022 connect to server owa.medicina.ru
INFO:root:Thu Jan 27 07:19:51 2022 Exchange connected
INFO:root:Thu Jan 27 07:19:51 2022 Message getting
INFO:root:Thu Jan 27 07:19:51 2022 Subject getting
INFO:root:Thu Jan 27 07:19:51 2022 connect to server imap.gmail.com
INFO:root:Thu Jan 27 07:19:52 2022 imap.gmail.com connected
INFO:root:Thu Jan 27 07:19:53 2022
 Counter: 84 
 Errors: 3 
 Alarms: 0 

INFO:root:Thu Jan 27 07:19:55 2022 connect to server owa.medicina.ru
INFO:root:Thu Jan 27 07:19:55 2022owa.medicina.ru connected
INFO:root:Thu Jan 27 07:19:55 2022 message from maildeliverychecker@medicina.ru to for.test.mail.003@gmail.com sending!
INFO:root:Thu Jan 27 07:19:56 2022 connect to server smtp.gmail.com
INFO:root:Thu Jan 27 07:19:56 2022 smtp.gmail.com connected
INFO:root:Thu Jan 27 07:19:56 2022 message from for.test.mail.003@gmail.com to maildeliverychecker@medicina.ru sending!
INFO:root:Thu Jan 27 07:19:56 2022wait...
INFO:root:Thu Jan 27 07:29:56 2022unsleeping
INFO:root:Thu Jan 27 07:29:56 2022 connect to server owa.medicina.ru
INFO:root:Thu Jan 27 07:29:56 2022 Exchange connected
INFO:root:Thu Jan 27 07:29:57 2022 Message getting
INFO:root:Thu Jan 27 07:29:57 2022 Subject getting
INFO:root:Thu Jan 27 07:29:57 2022 connect to server imap.gmail.com
INFO:root:Thu Jan 27 07:29:58 2022 imap.gmail.com connected
INFO:root:Thu Jan 27 07:29:59 2022
 Counter: 85 
 Errors: 3 
 Alarms: 0 

INFO:root:Thu Jan 27 07:30:01 2022 connect to server owa.medicina.ru
INFO:root:Thu Jan 27 07:30:01 2022owa.medicina.ru connected
INFO:root:Thu Jan 27 07:30:01 2022 message from maildeliverychecker@medicina.ru to for.test.mail.003@gmail.com sending!
INFO:root:Thu Jan 27 07:30:01 2022 connect to server smtp.gmail.com
INFO:root:Thu Jan 27 07:30:01 2022 smtp.gmail.com connected
INFO:root:Thu Jan 27 07:30:02 2022 message from for.test.mail.003@gmail.com to maildeliverychecker@medicina.ru sending!
INFO:root:Thu Jan 27 07:30:02 2022wait...
INFO:root:Thu Jan 27 07:40:02 2022unsleeping
INFO:root:Thu Jan 27 07:40:02 2022 connect to server owa.medicina.ru
INFO:root:Thu Jan 27 07:40:02 2022 Exchange connected
INFO:root:Thu Jan 27 07:40:02 2022 Message getting
INFO:root:Thu Jan 27 07:40:03 2022 Subject getting
INFO:root:Thu Jan 27 07:40:03 2022 connect to server imap.gmail.com
INFO:root:Thu Jan 27 07:40:04 2022 imap.gmail.com connected
INFO:root:Thu Jan 27 07:40:04 2022
 Counter: 86 
 Errors: 3 
 Alarms: 0 

INFO:root:Thu Jan 27 07:40:06 2022 connect to server owa.medicina.ru
INFO:root:Thu Jan 27 07:40:06 2022owa.medicina.ru connected
INFO:root:Thu Jan 27 07:40:07 2022 message from maildeliverychecker@medicina.ru to for.test.mail.003@gmail.com sending!
INFO:root:Thu Jan 27 07:40:07 2022 connect to server smtp.gmail.com
INFO:root:Thu Jan 27 07:40:07 2022 smtp.gmail.com connected
INFO:root:Thu Jan 27 07:40:08 2022 message from for.test.mail.003@gmail.com to maildeliverychecker@medicina.ru sending!
INFO:root:Thu Jan 27 07:40:08 2022wait...
INFO:root:Thu Jan 27 07:50:08 2022unsleeping
INFO:root:Thu Jan 27 07:50:08 2022 connect to server owa.medicina.ru
INFO:root:Thu Jan 27 07:50:08 2022 Exchange connected
INFO:root:Thu Jan 27 07:50:08 2022 Message getting
INFO:root:Thu Jan 27 07:50:09 2022 Subject getting
INFO:root:Thu Jan 27 07:50:09 2022 connect to server imap.gmail.com
INFO:root:Thu Jan 27 07:50:10 2022 imap.gmail.com connected
INFO:root:Thu Jan 27 07:50:11 2022
 Counter: 87 
 Errors: 3 
 Alarms: 0 

INFO:root:Thu Jan 27 07:50:13 2022 connect to server owa.medicina.ru
INFO:root:Thu Jan 27 07:50:13 2022owa.medicina.ru connected
INFO:root:Thu Jan 27 07:50:13 2022 message from maildeliverychecker@medicina.ru to for.test.mail.003@gmail.com sending!
INFO:root:Thu Jan 27 07:50:13 2022 connect to server smtp.gmail.com
INFO:root:Thu Jan 27 07:50:13 2022 smtp.gmail.com connected
INFO:root:Thu Jan 27 07:50:14 2022 message from for.test.mail.003@gmail.com to maildeliverychecker@medicina.ru sending!
INFO:root:Thu Jan 27 07:50:14 2022wait...
INFO:root:Thu Jan 27 08:00:14 2022unsleeping
INFO:root:Thu Jan 27 08:00:14 2022 connect to server owa.medicina.ru
INFO:root:Thu Jan 27 08:00:14 2022 Exchange connected
INFO:root:Thu Jan 27 08:00:15 2022 Message getting
INFO:root:Thu Jan 27 08:00:15 2022 Subject getting
INFO:root:Thu Jan 27 08:00:15 2022 connect to server imap.gmail.com
INFO:root:Thu Jan 27 08:00:16 2022 imap.gmail.com connected
INFO:root:Thu Jan 27 08:00:17 2022
 Counter: 88 
 Errors: 3 
 Alarms: 0 

INFO:root:Thu Jan 27 08:00:19 2022 connect to server owa.medicina.ru
INFO:root:Thu Jan 27 08:00:19 2022owa.medicina.ru connected
INFO:root:Thu Jan 27 08:00:19 2022 message from maildeliverychecker@medicina.ru to for.test.mail.003@gmail.com sending!
INFO:root:Thu Jan 27 08:00:19 2022 connect to server smtp.gmail.com
INFO:root:Thu Jan 27 08:00:20 2022 smtp.gmail.com connected
INFO:root:Thu Jan 27 08:00:20 2022 message from for.test.mail.003@gmail.com to maildeliverychecker@medicina.ru sending!
INFO:root:Thu Jan 27 08:00:20 2022wait...
INFO:root:Thu Jan 27 08:10:20 2022unsleeping
INFO:root:Thu Jan 27 08:10:20 2022 connect to server owa.medicina.ru
INFO:root:Thu Jan 27 08:10:20 2022 Exchange connected
INFO:root:Thu Jan 27 08:10:20 2022 Message getting
INFO:root:Thu Jan 27 08:10:21 2022 Subject getting
INFO:root:Thu Jan 27 08:10:21 2022 connect to server imap.gmail.com
INFO:root:Thu Jan 27 08:10:22 2022 imap.gmail.com connected
INFO:root:Thu Jan 27 08:10:23 2022
 Counter: 89 
 Errors: 3 
 Alarms: 0 

INFO:root:Thu Jan 27 08:10:25 2022 connect to server owa.medicina.ru
INFO:root:Thu Jan 27 08:10:25 2022owa.medicina.ru connected
INFO:root:Thu Jan 27 08:10:25 2022 message from maildeliverychecker@medicina.ru to for.test.mail.003@gmail.com sending!
INFO:root:Thu Jan 27 08:10:25 2022 connect to server smtp.gmail.com
INFO:root:Thu Jan 27 08:10:25 2022 smtp.gmail.com connected
INFO:root:Thu Jan 27 08:10:26 2022 message from for.test.mail.003@gmail.com to maildeliverychecker@medicina.ru sending!
INFO:root:Thu Jan 27 08:10:26 2022wait...
INFO:root:Thu Jan 27 08:20:26 2022unsleeping
INFO:root:Thu Jan 27 08:20:26 2022 connect to server owa.medicina.ru
INFO:root:Thu Jan 27 08:20:26 2022 Exchange connected
INFO:root:Thu Jan 27 08:20:26 2022 Message getting
INFO:root:Thu Jan 27 08:20:27 2022 Subject getting
INFO:root:Thu Jan 27 08:20:27 2022 connect to server imap.gmail.com
INFO:root:Thu Jan 27 08:20:28 2022 imap.gmail.com connected
INFO:root:Thu Jan 27 08:20:29 2022
 Counter: 90 
 Errors: 3 
 Alarms: 0 

INFO:root:Thu Jan 27 08:20:31 2022 connect to server owa.medicina.ru
INFO:root:Thu Jan 27 08:20:31 2022owa.medicina.ru connected
INFO:root:Thu Jan 27 08:20:31 2022 message from maildeliverychecker@medicina.ru to for.test.mail.003@gmail.com sending!
INFO:root:Thu Jan 27 08:20:35 2022 connect to server smtp.gmail.com
INFO:root:Thu Jan 27 08:20:35 2022 smtp.gmail.com connected
INFO:root:Thu Jan 27 08:20:36 2022 message from for.test.mail.003@gmail.com to maildeliverychecker@medicina.ru sending!
INFO:root:Thu Jan 27 08:20:36 2022wait...
INFO:root:Thu Jan 27 08:30:36 2022unsleeping
INFO:root:Thu Jan 27 08:30:36 2022 connect to server owa.medicina.ru
INFO:root:Thu Jan 27 08:30:36 2022 Exchange connected
INFO:root:Thu Jan 27 08:30:36 2022 Message getting
INFO:root:Thu Jan 27 08:30:36 2022 Subject getting
INFO:root:Thu Jan 27 08:30:36 2022 connect to server imap.gmail.com
INFO:root:Thu Jan 27 08:30:37 2022 imap.gmail.com connected
INFO:root:Thu Jan 27 08:30:38 2022
 Counter: 91 
 Errors: 3 
 Alarms: 0 

INFO:root:Thu Jan 27 08:30:40 2022 connect to server owa.medicina.ru
INFO:root:Thu Jan 27 08:30:40 2022owa.medicina.ru connected
INFO:root:Thu Jan 27 08:30:40 2022 message from maildeliverychecker@medicina.ru to for.test.mail.003@gmail.com sending!
INFO:root:Thu Jan 27 08:30:40 2022 connect to server smtp.gmail.com
INFO:root:Thu Jan 27 08:30:40 2022 smtp.gmail.com connected
INFO:root:Thu Jan 27 08:30:41 2022 message from for.test.mail.003@gmail.com to maildeliverychecker@medicina.ru sending!
INFO:root:Thu Jan 27 08:30:41 2022wait...
